# ./configure  --disable-everything
ACODEC_TESTS='ac3_fixed_test
adpcm_adx_test
adpcm_ima_qt_test
adpcm_ima_wav_test
adpcm_ms_test
adpcm_swf_test
adpcm_yam_test
alac_test
aref_test
flac_test
g722_test
g723_1_test
g726_test
mp2_test
pcm_alaw_test
pcm_f32be_test
pcm_f32le_test
pcm_f64be_test
pcm_f64le_test
pcm_mulaw_test
pcm_s16be_test
pcm_s16le_test
pcm_s24be_test
pcm_s24daud_test
pcm_s24le_test
pcm_s32be_test
pcm_s32le_test
pcm_s8_test
pcm_u8_test'
ALL_COMPONENTS='
    aac_adtstoasc_bsf
chomp_bsf
dump_extradata_bsf
h264_mp4toannexb_bsf
imx_dump_header_bsf
mjpeg2jpeg_bsf
mjpega_dump_header_bsf
mp3_header_compress_bsf
mp3_header_decompress_bsf
mov2textsub_bsf
noise_bsf
remove_extradata_bsf
text2movsub_bsf
    aasc_decoder
amv_decoder
anm_decoder
ansi_decoder
asv1_decoder
asv2_decoder
aura_decoder
aura2_decoder
avrp_decoder
avs_decoder
ayuv_decoder
bethsoftvid_decoder
bfi_decoder
bink_decoder
bmp_decoder
bmv_video_decoder
c93_decoder
cavs_decoder
cdgraphics_decoder
cdxl_decoder
cinepak_decoder
cljr_decoder
cscd_decoder
cyuv_decoder
dfa_decoder
dirac_decoder
dnxhd_decoder
dpx_decoder
dsicinvideo_decoder
dvvideo_decoder
dxa_decoder
dxtory_decoder
eacmv_decoder
eamad_decoder
eatgq_decoder
eatgv_decoder
eatqi_decoder
eightbps_decoder
eightsvx_exp_decoder
eightsvx_fib_decoder
escape124_decoder
escape130_decoder
ffv1_decoder
ffvhuff_decoder
flashsv_decoder
flashsv2_decoder
flic_decoder
flv_decoder
fourxm_decoder
fraps_decoder
frwu_decoder
gif_decoder
h261_decoder
h263_decoder
h263i_decoder
h264_decoder
h264_crystalhd_decoder
h264_vdpau_decoder
huffyuv_decoder
idcin_decoder
iff_byterun1_decoder
iff_ilbm_decoder
indeo2_decoder
indeo3_decoder
indeo4_decoder
indeo5_decoder
interplay_video_decoder
jpeg2000_decoder
jpegls_decoder
jv_decoder
kgv1_decoder
kmvc_decoder
lagarith_decoder
loco_decoder
mdec_decoder
mimic_decoder
mjpeg_decoder
mjpegb_decoder
mmvideo_decoder
motionpixels_decoder
mpeg_xvmc_decoder
mpeg1video_decoder
mpeg2video_decoder
mpeg4_decoder
mpeg4_crystalhd_decoder
mpeg4_vdpau_decoder
mpegvideo_decoder
mpeg_vdpau_decoder
mpeg1_vdpau_decoder
mpeg2_crystalhd_decoder
msmpeg4_crystalhd_decoder
msmpeg4v1_decoder
msmpeg4v2_decoder
msmpeg4v3_decoder
msrle_decoder
msvideo1_decoder
mszh_decoder
mxpeg_decoder
nuv_decoder
pam_decoder
pbm_decoder
pcx_decoder
pgm_decoder
pgmyuv_decoder
pictor_decoder
png_decoder
ppm_decoder
prores_decoder
prores_lgpl_decoder
ptx_decoder
qdraw_decoder
qpeg_decoder
qtrle_decoder
r10k_decoder
r210_decoder
rawvideo_decoder
rl2_decoder
roq_decoder
rpza_decoder
rv10_decoder
rv20_decoder
rv30_decoder
rv40_decoder
s302m_decoder
sgi_decoder
smacker_decoder
smc_decoder
snow_decoder
sp5x_decoder
sunrast_decoder
svq1_decoder
svq3_decoder
targa_decoder
theora_decoder
thp_decoder
tiertexseqvideo_decoder
tiff_decoder
tmv_decoder
truemotion1_decoder
truemotion2_decoder
tscc_decoder
txd_decoder
ulti_decoder
utvideo_decoder
v210_decoder
v210x_decoder
v308_decoder
v408_decoder
v410_decoder
vb_decoder
vble_decoder
vc1_decoder
vc1_crystalhd_decoder
vc1_vdpau_decoder
vc1image_decoder
vcr1_decoder
vmdvideo_decoder
vmnc_decoder
vp3_decoder
vp5_decoder
vp6_decoder
vp6a_decoder
vp6f_decoder
vp8_decoder
vqa_decoder
wmv1_decoder
wmv2_decoder
wmv3_decoder
wmv3_crystalhd_decoder
wmv3_vdpau_decoder
wmv3image_decoder
wnv1_decoder
xan_wc3_decoder
xan_wc4_decoder
xl_decoder
xwd_decoder
y41p_decoder
yop_decoder
yuv4_decoder
zerocodec_decoder
zlib_decoder
zmbv_decoder
aac_decoder
aac_latm_decoder
ac3_decoder
alac_decoder
als_decoder
amrnb_decoder
amrwb_decoder
ape_decoder
atrac1_decoder
atrac3_decoder
binkaudio_dct_decoder
binkaudio_rdft_decoder
bmv_audio_decoder
cook_decoder
dca_decoder
dsicinaudio_decoder
eac3_decoder
ffwavesynth_decoder
flac_decoder
g723_1_decoder
g729_decoder
gsm_decoder
gsm_ms_decoder
imc_decoder
mace3_decoder
mace6_decoder
mlp_decoder
mp1_decoder
mp1float_decoder
mp2_decoder
mp2float_decoder
mp3_decoder
mp3float_decoder
mp3adu_decoder
mp3adufloat_decoder
mp3on4_decoder
mp3on4float_decoder
mpc7_decoder
mpc8_decoder
nellymoser_decoder
qcelp_decoder
qdm2_decoder
ra_144_decoder
ra_288_decoder
ralf_decoder
shorten_decoder
sipr_decoder
smackaud_decoder
sonic_decoder
truehd_decoder
truespeech_decoder
tta_decoder
twinvq_decoder
vmdaudio_decoder
vorbis_decoder
wavpack_decoder
wmalossless_decoder
wmapro_decoder
wmav1_decoder
wmav2_decoder
wmavoice_decoder
ws_snd1_decoder
pcm_alaw_decoder
pcm_bluray_decoder
pcm_dvd_decoder
pcm_f32be_decoder
pcm_f32le_decoder
pcm_f64be_decoder
pcm_f64le_decoder
pcm_lxf_decoder
pcm_mulaw_decoder
pcm_s8_decoder
pcm_s8_planar_decoder
pcm_s16be_decoder
pcm_s16le_decoder
pcm_s16le_planar_decoder
pcm_s24be_decoder
pcm_s24daud_decoder
pcm_s24le_decoder
pcm_s32be_decoder
pcm_s32le_decoder
pcm_u8_decoder
pcm_u16be_decoder
pcm_u16le_decoder
pcm_u24be_decoder
pcm_u24le_decoder
pcm_u32be_decoder
pcm_u32le_decoder
pcm_zork_decoder
interplay_dpcm_decoder
roq_dpcm_decoder
sol_dpcm_decoder
xan_dpcm_decoder
adpcm_4xm_decoder
adpcm_adx_decoder
adpcm_ct_decoder
adpcm_ea_decoder
adpcm_ea_maxis_xa_decoder
adpcm_ea_r1_decoder
adpcm_ea_r2_decoder
adpcm_ea_r3_decoder
adpcm_ea_xas_decoder
adpcm_g722_decoder
adpcm_g726_decoder
adpcm_ima_amv_decoder
adpcm_ima_apc_decoder
adpcm_ima_dk3_decoder
adpcm_ima_dk4_decoder
adpcm_ima_ea_eacs_decoder
adpcm_ima_ea_sead_decoder
adpcm_ima_iss_decoder
adpcm_ima_qt_decoder
adpcm_ima_smjpeg_decoder
adpcm_ima_wav_decoder
adpcm_ima_ws_decoder
adpcm_ms_decoder
adpcm_sbpro_2_decoder
adpcm_sbpro_3_decoder
adpcm_sbpro_4_decoder
adpcm_swf_decoder
adpcm_thp_decoder
adpcm_xa_decoder
adpcm_yamaha_decoder
ass_decoder
dvbsub_decoder
dvdsub_decoder
pgssub_decoder
srt_decoder
xsub_decoder
libcelt_decoder
libdirac_decoder
libgsm_decoder
libgsm_ms_decoder
libopencore_amrnb_decoder
libopencore_amrwb_decoder
libopenjpeg_decoder
libschroedinger_decoder
libspeex_decoder
libstagefright_h264_decoder
libutvideo_decoder
libvpx_decoder
bintext_decoder
xbin_decoder
idf_decoder
    aac_demuxer
ac3_demuxer
act_demuxer
adf_demuxer
adx_demuxer
aea_demuxer
aiff_demuxer
amr_demuxer
anm_demuxer
apc_demuxer
ape_demuxer
asf_demuxer
ass_demuxer
au_demuxer
avi_demuxer
avisynth_demuxer
avs_demuxer
bethsoftvid_demuxer
bfi_demuxer
bintext_demuxer
bink_demuxer
bit_demuxer
bmv_demuxer
c93_demuxer
caf_demuxer
cavsvideo_demuxer
cdg_demuxer
cdxl_demuxer
daud_demuxer
dfa_demuxer
dirac_demuxer
dnxhd_demuxer
dsicin_demuxer
dts_demuxer
dv_demuxer
dxa_demuxer
ea_demuxer
ea_cdata_demuxer
eac3_demuxer
ffm_demuxer
ffmetadata_demuxer
filmstrip_demuxer
flac_demuxer
flic_demuxer
flv_demuxer
fourxm_demuxer
g722_demuxer
g723_1_demuxer
g729_demuxer
gsm_demuxer
gxf_demuxer
h261_demuxer
h263_demuxer
h264_demuxer
hls_demuxer
ico_demuxer
idcin_demuxer
idf_demuxer
iff_demuxer
image2_demuxer
image2pipe_demuxer
ingenient_demuxer
ipmovie_demuxer
iss_demuxer
iv8_demuxer
ivf_demuxer
jv_demuxer
latm_demuxer
lmlm4_demuxer
loas_demuxer
lxf_demuxer
m4v_demuxer
matroska_demuxer
microdvd_demuxer
mjpeg_demuxer
mlp_demuxer
mm_demuxer
mmf_demuxer
mov_demuxer
mp3_demuxer
mpc_demuxer
mpc8_demuxer
mpegps_demuxer
mpegts_demuxer
mpegtsraw_demuxer
mpegvideo_demuxer
msnwc_tcp_demuxer
mtv_demuxer
mvi_demuxer
mxf_demuxer
mxg_demuxer
nc_demuxer
nsv_demuxer
nut_demuxer
nuv_demuxer
ogg_demuxer
oma_demuxer
pcm_alaw_demuxer
pcm_mulaw_demuxer
pcm_f64be_demuxer
pcm_f64le_demuxer
pcm_f32be_demuxer
pcm_f32le_demuxer
pcm_s32be_demuxer
pcm_s32le_demuxer
pcm_s24be_demuxer
pcm_s24le_demuxer
pcm_s16be_demuxer
pcm_s16le_demuxer
pcm_s8_demuxer
pcm_u32be_demuxer
pcm_u32le_demuxer
pcm_u24be_demuxer
pcm_u24le_demuxer
pcm_u16be_demuxer
pcm_u16le_demuxer
pcm_u8_demuxer
pmp_demuxer
pva_demuxer
qcp_demuxer
r3d_demuxer
rawvideo_demuxer
rl2_demuxer
rm_demuxer
roq_demuxer
rpl_demuxer
rso_demuxer
rtp_demuxer
rtsp_demuxer
sap_demuxer
sbg_demuxer
sdp_demuxer
segafilm_demuxer
shorten_demuxer
siff_demuxer
smacker_demuxer
smjpeg_demuxer
sol_demuxer
sox_demuxer
spdif_demuxer
srt_demuxer
str_demuxer
swf_demuxer
thp_demuxer
tiertexseq_demuxer
tmv_demuxer
truehd_demuxer
tta_demuxer
txd_demuxer
tty_demuxer
vc1_demuxer
vc1t_demuxer
vmd_demuxer
voc_demuxer
vqf_demuxer
w64_demuxer
wav_demuxer
wc3_demuxer
wsaud_demuxer
wsvqa_demuxer
wtv_demuxer
wv_demuxer
xa_demuxer
xbin_demuxer
xmv_demuxer
xwma_demuxer
yop_demuxer
yuv4mpegpipe_demuxer
libmodplug_demuxer
libnut_demuxer
    a64multi_encoder
a64multi5_encoder
amv_encoder
asv1_encoder
asv2_encoder
avrp_encoder
ayuv_encoder
bmp_encoder
cljr_encoder
dnxhd_encoder
dpx_encoder
dvvideo_encoder
ffv1_encoder
ffvhuff_encoder
flashsv_encoder
flashsv2_encoder
flv_encoder
gif_encoder
h261_encoder
h263_encoder
h263p_encoder
huffyuv_encoder
jpeg2000_encoder
jpegls_encoder
ljpeg_encoder
mjpeg_encoder
mpeg1video_encoder
mpeg2video_encoder
mpeg4_encoder
msmpeg4v2_encoder
msmpeg4v3_encoder
msvideo1_encoder
pam_encoder
pbm_encoder
pcx_encoder
pgm_encoder
pgmyuv_encoder
png_encoder
ppm_encoder
prores_encoder
prores_anatoliy_encoder
prores_kostya_encoder
qtrle_encoder
r10k_encoder
r210_encoder
rawvideo_encoder
roq_encoder
rv10_encoder
rv20_encoder
sgi_encoder
snow_encoder
sunrast_encoder
svq1_encoder
targa_encoder
tiff_encoder
v210_encoder
v308_encoder
v408_encoder
v410_encoder
wmv1_encoder
wmv2_encoder
xbm_encoder
xwd_encoder
y41p_encoder
yuv4_encoder
zlib_encoder
zmbv_encoder
aac_encoder
ac3_encoder
ac3_fixed_encoder
alac_encoder
dca_encoder
eac3_encoder
flac_encoder
g723_1_encoder
mp2_encoder
nellymoser_encoder
ra_144_encoder
sonic_encoder
sonic_ls_encoder
vorbis_encoder
wmav1_encoder
wmav2_encoder
pcm_alaw_encoder
pcm_f32be_encoder
pcm_f32le_encoder
pcm_f64be_encoder
pcm_f64le_encoder
pcm_mulaw_encoder
pcm_s8_encoder
pcm_s16be_encoder
pcm_s16le_encoder
pcm_s24be_encoder
pcm_s24daud_encoder
pcm_s24le_encoder
pcm_s32be_encoder
pcm_s32le_encoder
pcm_u8_encoder
pcm_u16be_encoder
pcm_u16le_encoder
pcm_u24be_encoder
pcm_u24le_encoder
pcm_u32be_encoder
pcm_u32le_encoder
roq_dpcm_encoder
adpcm_adx_encoder
adpcm_g722_encoder
adpcm_g726_encoder
adpcm_ima_qt_encoder
adpcm_ima_wav_encoder
adpcm_ms_encoder
adpcm_swf_encoder
adpcm_yamaha_encoder
ass_encoder
dvbsub_encoder
dvdsub_encoder
srt_encoder
xsub_encoder
libaacplus_encoder
libfaac_encoder
libgsm_encoder
libgsm_ms_encoder
libmp3lame_encoder
libopencore_amrnb_encoder
libopenjpeg_encoder
libschroedinger_encoder
libspeex_encoder
libtheora_encoder
libutvideo_encoder
libvo_aacenc_encoder
libvo_amrwbenc_encoder
libvorbis_encoder
libvpx_encoder
libx264_encoder
libx264rgb_encoder
libxavs_encoder
libxvid_encoder
    aconvert_filter
aformat_filter
amerge_filter
anull_filter
aresample_filter
ashowinfo_filter
asplit_filter
astreamsync_filter
earwax_filter
pan_filter
silencedetect_filter
volume_filter
abuffer_filter
aevalsrc_filter
amovie_filter
anullsrc_filter
abuffersink_filter
anullsink_filter
ass_filter
bbox_filter
blackdetect_filter
blackframe_filter
boxblur_filter
copy_filter
crop_filter
cropdetect_filter
delogo_filter
deshake_filter
drawbox_filter
drawtext_filter
fade_filter
fieldorder_filter
fifo_filter
format_filter
frei0r_filter
gradfun_filter
hflip_filter
hqdn3d_filter
lut_filter
lutrgb_filter
lutyuv_filter
mp_filter
negate_filter
noformat_filter
null_filter
ocv_filter
overlay_filter
pad_filter
pixdesctest_filter
scale_filter
select_filter
setdar_filter
setfield_filter
setpts_filter
setsar_filter
settb_filter
showinfo_filter
slicify_filter
split_filter
swapuv_filter
thumbnail_filter
tile_filter
tinterlace_filter
transpose_filter
unsharp_filter
vflip_filter
yadif_filter
cellauto_filter
color_filter
frei0r_src_filter
life_filter
mandelbrot_filter
movie_filter
mptestsrc_filter
nullsrc_filter
rgbtestsrc_filter
testsrc_filter
buffersink_filter
nullsink_filter
    h263_vaapi_hwaccel
h264_dxva2_hwaccel
h264_vaapi_hwaccel
h264_vda_hwaccel
mpeg1_vdpau_hwaccel
mpeg2_dxva2_hwaccel
mpeg2_vaapi_hwaccel
mpeg2_vdpau_hwaccel
mpeg4_vaapi_hwaccel
vc1_dxva2_hwaccel
vc1_vaapi_hwaccel
wmv3_dxva2_hwaccel
wmv3_vaapi_hwaccel
    alsa_indev
bktr_indev
dshow_indev
dv1394_indev
fbdev_indev
jack_indev
lavfi_indev
openal_indev
oss_indev
pulse_indev
sndio_indev
v4l2_indev
vfwcap_indev
x11_grab_device_indev
libcdio_indev
libdc1394_indev
    a64_muxer
ac3_muxer
adts_muxer
adx_muxer
aiff_muxer
amr_muxer
asf_muxer
ass_muxer
asf_stream_muxer
au_muxer
avi_muxer
avm2_muxer
bit_muxer
caf_muxer
cavsvideo_muxer
crc_muxer
daud_muxer
dirac_muxer
dnxhd_muxer
dts_muxer
dv_muxer
eac3_muxer
ffm_muxer
ffmetadata_muxer
filmstrip_muxer
flac_muxer
flv_muxer
framecrc_muxer
framemd5_muxer
g722_muxer
g723_1_muxer
gif_muxer
gxf_muxer
h261_muxer
h263_muxer
h264_muxer
image2_muxer
image2pipe_muxer
ipod_muxer
ismv_muxer
ivf_muxer
latm_muxer
m4v_muxer
md5_muxer
matroska_muxer
matroska_audio_muxer
microdvd_muxer
mjpeg_muxer
mlp_muxer
mmf_muxer
mov_muxer
mp2_muxer
mp3_muxer
mp4_muxer
mpeg1system_muxer
mpeg1vcd_muxer
mpeg1video_muxer
mpeg2dvd_muxer
mpeg2svcd_muxer
mpeg2video_muxer
mpeg2vob_muxer
mpegts_muxer
mpjpeg_muxer
mxf_muxer
mxf_d10_muxer
null_muxer
nut_muxer
ogg_muxer
oma_muxer
pcm_alaw_muxer
pcm_mulaw_muxer
pcm_f64be_muxer
pcm_f64le_muxer
pcm_f32be_muxer
pcm_f32le_muxer
pcm_s32be_muxer
pcm_s32le_muxer
pcm_s24be_muxer
pcm_s24le_muxer
pcm_s16be_muxer
pcm_s16le_muxer
pcm_s8_muxer
pcm_u32be_muxer
pcm_u32le_muxer
pcm_u24be_muxer
pcm_u24le_muxer
pcm_u16be_muxer
pcm_u16le_muxer
pcm_u8_muxer
psp_muxer
rawvideo_muxer
rm_muxer
roq_muxer
rso_muxer
rtp_muxer
rtsp_muxer
sap_muxer
segment_muxer
smjpeg_muxer
sox_muxer
spdif_muxer
srt_muxer
swf_muxer
tg2_muxer
tgp_muxer
mkvtimestamp_v2_muxer
truehd_muxer
vc1t_muxer
voc_muxer
wav_muxer
webm_muxer
wtv_muxer
yuv4mpegpipe_muxer
libnut_muxer
    alsa_outdev
oss_outdev
sdl_outdev
sndio_outdev
    aac_parser
aac_latm_parser
ac3_parser
adx_parser
cavsvideo_parser
dca_parser
dirac_parser
dnxhd_parser
dvbsub_parser
dvdsub_parser
flac_parser
gsm_parser
h261_parser
h263_parser
h264_parser
mjpeg_parser
mlp_parser
mpeg4video_parser
mpegaudio_parser
mpegvideo_parser
pnm_parser
rv30_parser
rv40_parser
vc1_parser
vorbis_parser
vp3_parser
vp8_parser
    applehttp_protocol
bluray_protocol
cache_protocol
concat_protocol
crypto_protocol
file_protocol
gopher_protocol
hls_protocol
http_protocol
httpproxy_protocol
https_protocol
mmsh_protocol
mmst_protocol
md5_protocol
pipe_protocol
rtmp_protocol
rtp_protocol
tcp_protocol
tls_protocol
udp_protocol
librtmp_protocol
librtmpe_protocol
librtmps_protocol
librtmpt_protocol
librtmpte_protocol
'
ALL_TESTS='ac3_fixed_test
adpcm_adx_test
adpcm_ima_qt_test
adpcm_ima_wav_test
adpcm_ms_test
adpcm_swf_test
adpcm_yam_test
alac_test
aref_test
flac_test
g722_test
g723_1_test
g726_test
mp2_test
pcm_alaw_test
pcm_f32be_test
pcm_f32le_test
pcm_f64be_test
pcm_f64le_test
pcm_mulaw_test
pcm_s16be_test
pcm_s16le_test
pcm_s24be_test
pcm_s24daud_test
pcm_s24le_test
pcm_s32be_test
pcm_s32le_test
pcm_s8_test
pcm_u8_test amv_test
asv1_test
asv2_test
cljr_test
dnxhd_1080i_test
dnxhd_720p_test
dnxhd_720p_10bit_test
dnxhd_720p_rd_test
dv_test
dv50_test
dv_411_test
error_test
ffv1_test
ffvhuff_test
flashsv_test
flashsv2_test
flv_test
h261_test
h263_test
h263p_test
huffyuv_test
jpeg2000_test
jpegls_test
ljpeg_test
mjpeg_test
mpeg_test
mpeg1b_test
mpeg2_test
mpeg2_422_test
mpeg2_idct_int_test
mpeg2_ilace_test
mpeg2_ivlc_qprd_test
mpeg2thread_test
mpeg2thread_ilace_test
mpeg4_test
mpeg4_adap_test
mpeg4_qpel_test
mpeg4_qprd_test
mpeg4adv_test
mpeg4nr_test
mpeg4thread_test
mpng_test
msmpeg4_test
msmpeg4v2_test
msvideo1_test
prores_test
prores_kostya_test
qtrle_test
qtrlegray_test
r210_test
rc_test
rgb_test
roq_test
rv10_test
rv20_test
snow_test
snowll_test
svq1_test
v210_test
v308_test
vref_test
wmv1_test
wmv2_test
y41p_test
yuv_test
yuv4_test
zlib_test
zmbv_test ogg_vp3_test aiff_test
alaw_test
asf_test
au_test
avi_test
bmp_test
caf_test
dpx_test
dv_fmt_test
ffm_test
flv_fmt_test
gif_test
gxf_test
ismv_test
jpg_test
mkv_test
mmf_test
mov_test
mpg_test
mulaw_test
mxf_test
mxf_d10_test
nut_test
ogg_test
pam_test
pbmpipe_test
pcx_test
pgm_test
pgmpipe_test
pixfmt_test
png_test
ppm_test
ppmpipe_test
rm_test
rso_test
sgi_test
sox_test
sunrast_test
swf_test
tga_test
tiff_test
ts_test
voc_test
voc_s16_test
wav_test
wtv_test
xwd_test
yuv4mpeg_test crop_test
crop_scale_test
crop_scale_vflip_test
crop_vflip_test
drawbox_test
fade_test
life_test
null_test
overlay_test
pad_test
pixdesc_test
pixfmts_copy_test
pixfmts_crop_test
pixfmts_hflip_test
pixfmts_null_test
pixfmts_pad_test
pixfmts_scale_test
pixfmts_vflip_test
pp_test
pp2_test
pp3_test
pp4_test
pp5_test
pp6_test
scale200_test
scale500_test
select_test
setdar_test
setsar_test
testsrc_test
thumbnail_test
transpose_test
unsharp_test
vflip_test
vflip_crop_test
vflip_vflip_test seek_ac3_ac3_test
seek_adpcm_ima_wav_test
seek_adpcm_ms_wav_test
seek_adpcm_qt_aiff_test
seek_adpcm_swf_flv_test
seek_adpcm_yam_wav_test
seek_alac_m4a_test
seek_asv1_avi_test
seek_asv2_avi_test
seek_dnxhd_1080i_mov_test
seek_dnxhd_720p_dnxhd_test
seek_dnxhd_720p_rd_dnxhd_test
seek_dv411_dv_test
seek_dv50_dv_test
seek_dv_dv_test
seek_error_mpeg4_adv_avi_test
seek_ffv1_avi_test
seek_flac_flac_test
seek_flashsv_flv_test
seek_flv_flv_test
seek_g726_wav_test
seek_h261_avi_test
seek_h263_avi_test
seek_h263p_avi_test
seek_huffyuv_avi_test
seek_image_bmp_test
seek_image_jpg_test
seek_image_pcx_test
seek_image_pgm_test
seek_image_ppm_test
seek_image_sgi_test
seek_image_tga_test
seek_image_tiff_test
seek_jpegls_avi_test
seek_lavf_aif_test
seek_lavf_al_test
seek_lavf_asf_test
seek_lavf_au_test
seek_lavf_avi_test
seek_lavf_dv_test
seek_lavf_ffm_test
seek_lavf_flv_test
seek_lavf_gif_test
seek_lavf_gxf_test
seek_lavf_mkv_test
seek_lavf_mmf_test
seek_lavf_mov_test
seek_lavf_mpg_test
seek_lavf_mxf_test
seek_lavf_mxf_d10_test
seek_lavf_nut_test
seek_lavf_ogg_test
seek_lavf_rm_test
seek_lavf_swf_test
seek_lavf_ts_test
seek_lavf_ul_test
seek_lavf_voc_test
seek_lavf_wav_test
seek_lavf_wtv_test
seek_lavf_y4m_test
seek_ljpeg_avi_test
seek_mjpeg_avi_test
seek_mp2_mp2_test
seek_mpeg1_mpg_test
seek_mpeg1b_mpg_test
seek_mpeg2_422_mpg_test
seek_mpeg2_idct_int_mpg_test
seek_mpeg2i_mpg_test
seek_mpeg2ivlc_qprd_mpg_test
seek_mpeg2reuse_mpg_test
seek_mpeg2thread_mpg_test
seek_mpeg2threadivlc_mpg_test
seek_mpeg4_adap_avi_test
seek_mpeg4_adv_avi_test
seek_mpeg4_nr_avi_test
seek_mpeg4_qprd_avi_test
seek_mpeg4_rc_avi_test
seek_mpeg4_thread_avi_test
seek_msmpeg4_avi_test
seek_msmpeg4v2_avi_test
seek_odivx_mp4_test
seek_pbmpipe_pbm_test
seek_pcm_alaw_wav_test
seek_pcm_f32be_au_test
seek_pcm_f32le_wav_test
seek_pcm_f64be_au_test
seek_pcm_f64le_wav_test
seek_pcm_mulaw_wav_test
seek_pcm_s16be_mov_test
seek_pcm_s16le_wav_test
seek_pcm_s24be_mov_test
seek_pcm_s24daud_302_test
seek_pcm_s24le_wav_test
seek_pcm_s32be_mov_test
seek_pcm_s32le_wav_test
seek_pcm_s8_mov_test
seek_pcm_u8_wav_test
seek_pgmpipe_pgm_test
seek_ppmpipe_ppm_test
seek_rgb_avi_test
seek_roqav_roq_test
seek_rv10_rm_test
seek_rv20_rm_test
seek_snow53_avi_test
seek_snow_avi_test
seek_svq1_mov_test
seek_wmv1_avi_test
seek_wmv2_avi_test
seek_yuv_avi_test'
ALT_PP_VER=51.2.101
ALT_PP_VER_MAJOR=51
ALT_PP_VER_MICRO=101
ALT_PP_VER_MINOR=2
ARCH_EXT_LIST='
    altivec
    amd3dnow
    amd3dnowext
    armv5te
    armv6
    armv6t2
    armvfp
    avx
    mmi
    mmx
    mmx2
    neon
    ppc4xx
    sse
    ssse3
    vfpv3
    vis
'
ARCH_LIST='
    alpha
    arm
    avr32
    avr32_ap
    avr32_uc
    bfin
    ia64
    m68k
    mips
    mips64
    parisc
    ppc
    ppc64
    s390
    sh4
    sparc
    sparc64
    tomi
    x86
    x86_32
    x86_64
'
AS_O='-o $@'
BASH=/bin/sh
BASH_ARGC=([0]="1")
BASH_ARGV=([0]="--disable-everything")
BASH_LINENO=([0]="0")
BASH_SOURCE=([0]="./configure")
BASH_VERSINFO=([0]="3" [1]="1" [2]="17" [3]="2" [4]="release" [5]="i486-slackware-linux-gnu")
BASH_VERSION='3.1.17(2)-release'
BSF_LIST='aac_adtstoasc_bsf
chomp_bsf
dump_extradata_bsf
h264_mp4toannexb_bsf
imx_dump_header_bsf
mjpeg2jpeg_bsf
mjpega_dump_header_bsf
mp3_header_compress_bsf
mp3_header_decompress_bsf
mov2textsub_bsf
noise_bsf
remove_extradata_bsf
text2movsub_bsf'
CC_O='-o $@'
CMDLINE_APPEND='
    extra_cflags
    extra_cxxflags
'
CMDLINE_SELECT='
    
    altivec
    amd3dnow
    amd3dnowext
    armv5te
    armv6
    armv6t2
    armvfp
    avx
    mmi
    mmx
    mmx2
    neon
    ppc4xx
    sse
    ssse3
    vfpv3
    vis

    
    
    bsfs
    decoders
    demuxers
    encoders
    filters
    hwaccels
    indevs
    muxers
    outdevs
    parsers
    protocols

    
    ffplay
    ffprobe
    ffserver
    ffmpeg

    avplay
    avprobe
    avserver
    aandct
    ac3dsp
    avcodec
    avdevice
    avfilter
    avformat
    avisynth
    bzlib
    crystalhd
    dct
    doc
    dwt
    dxva2
    fastdiv
    fft
    frei0r
    gnutls
    golomb
    gpl
    gray
    h264chroma
    h264dsp
    h264pred
    hardcoded_tables
    huffman
    libaacplus
    libass
    libbluray
    libcdio
    libcelt
    libdc1394
    libdirac
    libfaac
    libfreetype
    libgsm
    libmodplug
    libmp3lame
    libnut
    libopencore_amrnb
    libopencore_amrwb
    libopencv
    libopenjpeg
    libpulse
    librtmp
    libschroedinger
    libspeex
    libstagefright_h264
    libtheora
    libutvideo
    libv4l2
    libvo_aacenc
    libvo_amrwbenc
    libvorbis
    libvpx
    libx264
    libxavs
    libxvid
    lpc
    lsp
    mdct
    memalign_hack
    mpegaudiodsp
    network
    nonfree
    openal
    openssl
    pic
    postproc
    rdft
    rtpdec
    runtime_cpudetect
    safe_bitstream_reader
    shared
    sinewin
    small
    sram
    static
    swresample
    swscale
    swscale_alpha
    thumb
    vaapi
    vda
    vdpau
    version3
    xmm_clobber_test
    x11grab
    zlib

    
    pthreads
    w32threads
    os2threads

    asm
    coverage
    cross_compile
    debug
    extra_warnings
    logging
    optimizations
    stripping
    symver
    yasm
'
CMDLINE_SET='
    
    bindir
    datadir
    incdir
    libdir
    mandir
    prefix
    shlibdir

    ar
    arch
    as
    build_suffix
    cc
    cpu
    cross_prefix
    cxx
    dep_cc
    extra_version
    host_cc
    host_cflags
    host_ldflags
    host_libs
    host_os
    install
    ld
    logfile
    malloc_prefix
    nm
    optflags
    pkg_config
    postproc_version
    progs_suffix
    samples
    strip
    sysinclude
    sysroot
    target_exec
    target_os
    target_path
    valgrind
    yasmexe
'
COMPONENT_LIST='
    bsfs
    decoders
    demuxers
    encoders
    filters
    hwaccels
    indevs
    muxers
    outdevs
    parsers
    protocols
'
CONFIG_EXTRA='
    avutil
    gplv3
    lgplv3
'
CONFIG_LIST='
    
    bsfs
    decoders
    demuxers
    encoders
    filters
    hwaccels
    indevs
    muxers
    outdevs
    parsers
    protocols

    
    ffplay
    ffprobe
    ffserver
    ffmpeg

    avplay
    avprobe
    avserver
    aandct
    ac3dsp
    avcodec
    avdevice
    avfilter
    avformat
    avisynth
    bzlib
    crystalhd
    dct
    doc
    dwt
    dxva2
    fastdiv
    fft
    frei0r
    gnutls
    golomb
    gpl
    gray
    h264chroma
    h264dsp
    h264pred
    hardcoded_tables
    huffman
    libaacplus
    libass
    libbluray
    libcdio
    libcelt
    libdc1394
    libdirac
    libfaac
    libfreetype
    libgsm
    libmodplug
    libmp3lame
    libnut
    libopencore_amrnb
    libopencore_amrwb
    libopencv
    libopenjpeg
    libpulse
    librtmp
    libschroedinger
    libspeex
    libstagefright_h264
    libtheora
    libutvideo
    libv4l2
    libvo_aacenc
    libvo_amrwbenc
    libvorbis
    libvpx
    libx264
    libxavs
    libxvid
    lpc
    lsp
    mdct
    memalign_hack
    mpegaudiodsp
    network
    nonfree
    openal
    openssl
    pic
    postproc
    rdft
    rtpdec
    runtime_cpudetect
    safe_bitstream_reader
    shared
    sinewin
    small
    sram
    static
    swresample
    swscale
    swscale_alpha
    thumb
    vaapi
    vda
    vdpau
    version3
    xmm_clobber_test
    x11grab
    zlib
'
CXX_O='-o $@'
DECODER_LIST='aasc_decoder
amv_decoder
anm_decoder
ansi_decoder
asv1_decoder
asv2_decoder
aura_decoder
aura2_decoder
avrp_decoder
avs_decoder
ayuv_decoder
bethsoftvid_decoder
bfi_decoder
bink_decoder
bmp_decoder
bmv_video_decoder
c93_decoder
cavs_decoder
cdgraphics_decoder
cdxl_decoder
cinepak_decoder
cljr_decoder
cscd_decoder
cyuv_decoder
dfa_decoder
dirac_decoder
dnxhd_decoder
dpx_decoder
dsicinvideo_decoder
dvvideo_decoder
dxa_decoder
dxtory_decoder
eacmv_decoder
eamad_decoder
eatgq_decoder
eatgv_decoder
eatqi_decoder
eightbps_decoder
eightsvx_exp_decoder
eightsvx_fib_decoder
escape124_decoder
escape130_decoder
ffv1_decoder
ffvhuff_decoder
flashsv_decoder
flashsv2_decoder
flic_decoder
flv_decoder
fourxm_decoder
fraps_decoder
frwu_decoder
gif_decoder
h261_decoder
h263_decoder
h263i_decoder
h264_decoder
h264_crystalhd_decoder
h264_vdpau_decoder
huffyuv_decoder
idcin_decoder
iff_byterun1_decoder
iff_ilbm_decoder
indeo2_decoder
indeo3_decoder
indeo4_decoder
indeo5_decoder
interplay_video_decoder
jpeg2000_decoder
jpegls_decoder
jv_decoder
kgv1_decoder
kmvc_decoder
lagarith_decoder
loco_decoder
mdec_decoder
mimic_decoder
mjpeg_decoder
mjpegb_decoder
mmvideo_decoder
motionpixels_decoder
mpeg_xvmc_decoder
mpeg1video_decoder
mpeg2video_decoder
mpeg4_decoder
mpeg4_crystalhd_decoder
mpeg4_vdpau_decoder
mpegvideo_decoder
mpeg_vdpau_decoder
mpeg1_vdpau_decoder
mpeg2_crystalhd_decoder
msmpeg4_crystalhd_decoder
msmpeg4v1_decoder
msmpeg4v2_decoder
msmpeg4v3_decoder
msrle_decoder
msvideo1_decoder
mszh_decoder
mxpeg_decoder
nuv_decoder
pam_decoder
pbm_decoder
pcx_decoder
pgm_decoder
pgmyuv_decoder
pictor_decoder
png_decoder
ppm_decoder
prores_decoder
prores_lgpl_decoder
ptx_decoder
qdraw_decoder
qpeg_decoder
qtrle_decoder
r10k_decoder
r210_decoder
rawvideo_decoder
rl2_decoder
roq_decoder
rpza_decoder
rv10_decoder
rv20_decoder
rv30_decoder
rv40_decoder
s302m_decoder
sgi_decoder
smacker_decoder
smc_decoder
snow_decoder
sp5x_decoder
sunrast_decoder
svq1_decoder
svq3_decoder
targa_decoder
theora_decoder
thp_decoder
tiertexseqvideo_decoder
tiff_decoder
tmv_decoder
truemotion1_decoder
truemotion2_decoder
tscc_decoder
txd_decoder
ulti_decoder
utvideo_decoder
v210_decoder
v210x_decoder
v308_decoder
v408_decoder
v410_decoder
vb_decoder
vble_decoder
vc1_decoder
vc1_crystalhd_decoder
vc1_vdpau_decoder
vc1image_decoder
vcr1_decoder
vmdvideo_decoder
vmnc_decoder
vp3_decoder
vp5_decoder
vp6_decoder
vp6a_decoder
vp6f_decoder
vp8_decoder
vqa_decoder
wmv1_decoder
wmv2_decoder
wmv3_decoder
wmv3_crystalhd_decoder
wmv3_vdpau_decoder
wmv3image_decoder
wnv1_decoder
xan_wc3_decoder
xan_wc4_decoder
xl_decoder
xwd_decoder
y41p_decoder
yop_decoder
yuv4_decoder
zerocodec_decoder
zlib_decoder
zmbv_decoder
aac_decoder
aac_latm_decoder
ac3_decoder
alac_decoder
als_decoder
amrnb_decoder
amrwb_decoder
ape_decoder
atrac1_decoder
atrac3_decoder
binkaudio_dct_decoder
binkaudio_rdft_decoder
bmv_audio_decoder
cook_decoder
dca_decoder
dsicinaudio_decoder
eac3_decoder
ffwavesynth_decoder
flac_decoder
g723_1_decoder
g729_decoder
gsm_decoder
gsm_ms_decoder
imc_decoder
mace3_decoder
mace6_decoder
mlp_decoder
mp1_decoder
mp1float_decoder
mp2_decoder
mp2float_decoder
mp3_decoder
mp3float_decoder
mp3adu_decoder
mp3adufloat_decoder
mp3on4_decoder
mp3on4float_decoder
mpc7_decoder
mpc8_decoder
nellymoser_decoder
qcelp_decoder
qdm2_decoder
ra_144_decoder
ra_288_decoder
ralf_decoder
shorten_decoder
sipr_decoder
smackaud_decoder
sonic_decoder
truehd_decoder
truespeech_decoder
tta_decoder
twinvq_decoder
vmdaudio_decoder
vorbis_decoder
wavpack_decoder
wmalossless_decoder
wmapro_decoder
wmav1_decoder
wmav2_decoder
wmavoice_decoder
ws_snd1_decoder
pcm_alaw_decoder
pcm_bluray_decoder
pcm_dvd_decoder
pcm_f32be_decoder
pcm_f32le_decoder
pcm_f64be_decoder
pcm_f64le_decoder
pcm_lxf_decoder
pcm_mulaw_decoder
pcm_s8_decoder
pcm_s8_planar_decoder
pcm_s16be_decoder
pcm_s16le_decoder
pcm_s16le_planar_decoder
pcm_s24be_decoder
pcm_s24daud_decoder
pcm_s24le_decoder
pcm_s32be_decoder
pcm_s32le_decoder
pcm_u8_decoder
pcm_u16be_decoder
pcm_u16le_decoder
pcm_u24be_decoder
pcm_u24le_decoder
pcm_u32be_decoder
pcm_u32le_decoder
pcm_zork_decoder
interplay_dpcm_decoder
roq_dpcm_decoder
sol_dpcm_decoder
xan_dpcm_decoder
adpcm_4xm_decoder
adpcm_adx_decoder
adpcm_ct_decoder
adpcm_ea_decoder
adpcm_ea_maxis_xa_decoder
adpcm_ea_r1_decoder
adpcm_ea_r2_decoder
adpcm_ea_r3_decoder
adpcm_ea_xas_decoder
adpcm_g722_decoder
adpcm_g726_decoder
adpcm_ima_amv_decoder
adpcm_ima_apc_decoder
adpcm_ima_dk3_decoder
adpcm_ima_dk4_decoder
adpcm_ima_ea_eacs_decoder
adpcm_ima_ea_sead_decoder
adpcm_ima_iss_decoder
adpcm_ima_qt_decoder
adpcm_ima_smjpeg_decoder
adpcm_ima_wav_decoder
adpcm_ima_ws_decoder
adpcm_ms_decoder
adpcm_sbpro_2_decoder
adpcm_sbpro_3_decoder
adpcm_sbpro_4_decoder
adpcm_swf_decoder
adpcm_thp_decoder
adpcm_xa_decoder
adpcm_yamaha_decoder
ass_decoder
dvbsub_decoder
dvdsub_decoder
pgssub_decoder
srt_decoder
xsub_decoder
libcelt_decoder
libdirac_decoder
libgsm_decoder
libgsm_ms_decoder
libopencore_amrnb_decoder
libopencore_amrwb_decoder
libopenjpeg_decoder
libschroedinger_decoder
libspeex_decoder
libstagefright_h264_decoder
libutvideo_decoder
libvpx_decoder
bintext_decoder
xbin_decoder
idf_decoder'
DEMUXER_LIST='aac_demuxer
ac3_demuxer
act_demuxer
adf_demuxer
adx_demuxer
aea_demuxer
aiff_demuxer
amr_demuxer
anm_demuxer
apc_demuxer
ape_demuxer
asf_demuxer
ass_demuxer
au_demuxer
avi_demuxer
avisynth_demuxer
avs_demuxer
bethsoftvid_demuxer
bfi_demuxer
bintext_demuxer
bink_demuxer
bit_demuxer
bmv_demuxer
c93_demuxer
caf_demuxer
cavsvideo_demuxer
cdg_demuxer
cdxl_demuxer
daud_demuxer
dfa_demuxer
dirac_demuxer
dnxhd_demuxer
dsicin_demuxer
dts_demuxer
dv_demuxer
dxa_demuxer
ea_demuxer
ea_cdata_demuxer
eac3_demuxer
ffm_demuxer
ffmetadata_demuxer
filmstrip_demuxer
flac_demuxer
flic_demuxer
flv_demuxer
fourxm_demuxer
g722_demuxer
g723_1_demuxer
g729_demuxer
gsm_demuxer
gxf_demuxer
h261_demuxer
h263_demuxer
h264_demuxer
hls_demuxer
ico_demuxer
idcin_demuxer
idf_demuxer
iff_demuxer
image2_demuxer
image2pipe_demuxer
ingenient_demuxer
ipmovie_demuxer
iss_demuxer
iv8_demuxer
ivf_demuxer
jv_demuxer
latm_demuxer
lmlm4_demuxer
loas_demuxer
lxf_demuxer
m4v_demuxer
matroska_demuxer
microdvd_demuxer
mjpeg_demuxer
mlp_demuxer
mm_demuxer
mmf_demuxer
mov_demuxer
mp3_demuxer
mpc_demuxer
mpc8_demuxer
mpegps_demuxer
mpegts_demuxer
mpegtsraw_demuxer
mpegvideo_demuxer
msnwc_tcp_demuxer
mtv_demuxer
mvi_demuxer
mxf_demuxer
mxg_demuxer
nc_demuxer
nsv_demuxer
nut_demuxer
nuv_demuxer
ogg_demuxer
oma_demuxer
pcm_alaw_demuxer
pcm_mulaw_demuxer
pcm_f64be_demuxer
pcm_f64le_demuxer
pcm_f32be_demuxer
pcm_f32le_demuxer
pcm_s32be_demuxer
pcm_s32le_demuxer
pcm_s24be_demuxer
pcm_s24le_demuxer
pcm_s16be_demuxer
pcm_s16le_demuxer
pcm_s8_demuxer
pcm_u32be_demuxer
pcm_u32le_demuxer
pcm_u24be_demuxer
pcm_u24le_demuxer
pcm_u16be_demuxer
pcm_u16le_demuxer
pcm_u8_demuxer
pmp_demuxer
pva_demuxer
qcp_demuxer
r3d_demuxer
rawvideo_demuxer
rl2_demuxer
rm_demuxer
roq_demuxer
rpl_demuxer
rso_demuxer
rtp_demuxer
rtsp_demuxer
sap_demuxer
sbg_demuxer
sdp_demuxer
segafilm_demuxer
shorten_demuxer
siff_demuxer
smacker_demuxer
smjpeg_demuxer
sol_demuxer
sox_demuxer
spdif_demuxer
srt_demuxer
str_demuxer
swf_demuxer
thp_demuxer
tiertexseq_demuxer
tmv_demuxer
truehd_demuxer
tta_demuxer
txd_demuxer
tty_demuxer
vc1_demuxer
vc1t_demuxer
vmd_demuxer
voc_demuxer
vqf_demuxer
w64_demuxer
wav_demuxer
wc3_demuxer
wsaud_demuxer
wsvqa_demuxer
wtv_demuxer
wv_demuxer
xa_demuxer
xbin_demuxer
xmv_demuxer
xwma_demuxer
yop_demuxer
yuv4mpegpipe_demuxer
libmodplug_demuxer
libnut_demuxer'
DEPEND_CMD='$(DEPCC) $(DEPFLAGS) $< | sed -e "/^\#.*/d" -e "s,^[[:space:]]*$(*F)\\.o,$(@D)/$(*F).o," > $(@:.o=.d)'
DEPFLAGS='$(CPPFLAGS) $(CFLAGS) -MM'
DIRSTACK=()
E1=0
E2=1
ENCODER_LIST='a64multi_encoder
a64multi5_encoder
amv_encoder
asv1_encoder
asv2_encoder
avrp_encoder
ayuv_encoder
bmp_encoder
cljr_encoder
dnxhd_encoder
dpx_encoder
dvvideo_encoder
ffv1_encoder
ffvhuff_encoder
flashsv_encoder
flashsv2_encoder
flv_encoder
gif_encoder
h261_encoder
h263_encoder
h263p_encoder
huffyuv_encoder
jpeg2000_encoder
jpegls_encoder
ljpeg_encoder
mjpeg_encoder
mpeg1video_encoder
mpeg2video_encoder
mpeg4_encoder
msmpeg4v2_encoder
msmpeg4v3_encoder
msvideo1_encoder
pam_encoder
pbm_encoder
pcx_encoder
pgm_encoder
pgmyuv_encoder
png_encoder
ppm_encoder
prores_encoder
prores_anatoliy_encoder
prores_kostya_encoder
qtrle_encoder
r10k_encoder
r210_encoder
rawvideo_encoder
roq_encoder
rv10_encoder
rv20_encoder
sgi_encoder
snow_encoder
sunrast_encoder
svq1_encoder
targa_encoder
tiff_encoder
v210_encoder
v308_encoder
v408_encoder
v410_encoder
wmv1_encoder
wmv2_encoder
xbm_encoder
xwd_encoder
y41p_encoder
yuv4_encoder
zlib_encoder
zmbv_encoder
aac_encoder
ac3_encoder
ac3_fixed_encoder
alac_encoder
dca_encoder
eac3_encoder
flac_encoder
g723_1_encoder
mp2_encoder
nellymoser_encoder
ra_144_encoder
sonic_encoder
sonic_ls_encoder
vorbis_encoder
wmav1_encoder
wmav2_encoder
pcm_alaw_encoder
pcm_f32be_encoder
pcm_f32le_encoder
pcm_f64be_encoder
pcm_f64le_encoder
pcm_mulaw_encoder
pcm_s8_encoder
pcm_s16be_encoder
pcm_s16le_encoder
pcm_s24be_encoder
pcm_s24daud_encoder
pcm_s24le_encoder
pcm_s32be_encoder
pcm_s32le_encoder
pcm_u8_encoder
pcm_u16be_encoder
pcm_u16le_encoder
pcm_u24be_encoder
pcm_u24le_encoder
pcm_u32be_encoder
pcm_u32le_encoder
roq_dpcm_encoder
adpcm_adx_encoder
adpcm_g722_encoder
adpcm_g726_encoder
adpcm_ima_qt_encoder
adpcm_ima_wav_encoder
adpcm_ms_encoder
adpcm_swf_encoder
adpcm_yamaha_encoder
ass_encoder
dvbsub_encoder
dvdsub_encoder
srt_encoder
xsub_encoder
libaacplus_encoder
libfaac_encoder
libgsm_encoder
libgsm_ms_encoder
libmp3lame_encoder
libopencore_amrnb_encoder
libopenjpeg_encoder
libschroedinger_encoder
libspeex_encoder
libtheora_encoder
libutvideo_encoder
libvo_aacenc_encoder
libvo_amrwbenc_encoder
libvorbis_encoder
libvpx_encoder
libx264_encoder
libx264rgb_encoder
libxavs_encoder
libxvid_encoder'
EUID=1004
FFMPEG_CONFIGURATION=' --disable-everything'
FFSERVERLDFLAGS=-Wl,-E
FILTER_LIST='aconvert_filter
aformat_filter
amerge_filter
anull_filter
aresample_filter
ashowinfo_filter
asplit_filter
astreamsync_filter
earwax_filter
pan_filter
silencedetect_filter
volume_filter
abuffer_filter
aevalsrc_filter
amovie_filter
anullsrc_filter
abuffersink_filter
anullsink_filter
ass_filter
bbox_filter
blackdetect_filter
blackframe_filter
boxblur_filter
copy_filter
crop_filter
cropdetect_filter
delogo_filter
deshake_filter
drawbox_filter
drawtext_filter
fade_filter
fieldorder_filter
fifo_filter
format_filter
frei0r_filter
gradfun_filter
hflip_filter
hqdn3d_filter
lut_filter
lutrgb_filter
lutyuv_filter
mp_filter
negate_filter
noformat_filter
null_filter
ocv_filter
overlay_filter
pad_filter
pixdesctest_filter
scale_filter
select_filter
setdar_filter
setfield_filter
setpts_filter
setsar_filter
settb_filter
showinfo_filter
slicify_filter
split_filter
swapuv_filter
thumbnail_filter
tile_filter
tinterlace_filter
transpose_filter
unsharp_filter
vflip_filter
yadif_filter
cellauto_filter
color_filter
frei0r_src_filter
life_filter
mandelbrot_filter
movie_filter
mptestsrc_filter
nullsrc_filter
rgbtestsrc_filter
testsrc_filter
buffersink_filter
nullsink_filter'
FULLNAME='$(NAME)$(BUILDSUF)'
GROUPS=()
HAVE_LIST='
    
    altivec
    amd3dnow
    amd3dnowext
    armv5te
    armv6
    armv6t2
    armvfp
    avx
    mmi
    mmx
    mmx2
    neon
    ppc4xx
    sse
    ssse3
    vfpv3
    vis

    
    bigendian
    fast_unaligned

    
    pthreads
    w32threads
    os2threads

    aligned_stack
    alsa_asoundlib_h
    altivec_h
    arpa_inet_h
    asm_mod_y
    asm_types_h
    attribute_may_alias
    attribute_packed
    cbrtf
    closesocket
    cmov
    dcbzl
    dev_bktr_ioctl_bt848_h
    dev_bktr_ioctl_meteor_h
    dev_ic_bt8xx_h
    dev_video_bktr_ioctl_bt848_h
    dev_video_meteor_ioctl_meteor_h
    dlfcn_h
    dlopen
    dos_paths
    ebp_available
    ebx_available
    exp2
    exp2f
    fast_64bit
    fast_clz
    fast_cmov
    fcntl
    fork
    getaddrinfo
    gethrtime
    GetProcessAffinityMask
    GetProcessMemoryInfo
    GetProcessTimes
    getrusage
    gnu_as
    ibm_asm
    inet_aton
    inline_asm
    isatty
    kbhit
    ldbrx
    libdc1394_1
    libdc1394_2
    llrint
    llrintf
    local_aligned_16
    local_aligned_8
    localtime_r
    log2
    log2f
    loongson
    lrint
    lrintf
    lzo1x_999_compress
    machine_ioctl_bt848_h
    machine_ioctl_meteor_h
    makeinfo
    malloc_h
    MapViewOfFile
    memalign
    mkstemp
    mmap
    PeekNamedPipe
    poll_h
    posix_memalign
    round
    roundf
    sched_getaffinity
    sdl
    sdl_video_size
    setmode
    setrlimit
    sndio_h
    socklen_t
    soundcard_h
    strerror_r
    strptime
    struct_addrinfo
    struct_ipv6_mreq
    struct_rusage_ru_maxrss
    struct_sockaddr_in6
    struct_sockaddr_sa_len
    struct_sockaddr_storage
    struct_v4l2_frmivalenum_discrete
    symver
    symver_asm_label
    symver_gnu_asm
    sysconf
    sysctl
    sys_mman_h
    sys_param_h
    sys_resource_h
    sys_select_h
    sys_soundcard_h
    sys_videoio_h
    termios_h
    threads
    trunc
    truncf
    vfp_args
    VirtualAlloc
    winsock2_h
    xform_asm
    xmm_clobbers
    yasm
'
HAVE_LIST_PUB='
    bigendian
    fast_unaligned
'
HOME=/home/ffcron
HOSTNAME=avserver.banki.hu
HOSTTYPE=i486
HWACCEL_LIST='h263_vaapi_hwaccel
h264_dxva2_hwaccel
h264_vaapi_hwaccel
h264_vda_hwaccel
mpeg1_vdpau_hwaccel
mpeg2_dxva2_hwaccel
mpeg2_vaapi_hwaccel
mpeg2_vdpau_hwaccel
mpeg4_vaapi_hwaccel
vc1_dxva2_hwaccel
vc1_vaapi_hwaccel
wmv3_dxva2_hwaccel
wmv3_vaapi_hwaccel'
IFS=' 	
'
INDEV_LIST='alsa_indev
bktr_indev
dshow_indev
dv1394_indev
fbdev_indev
jack_indev
lavfi_indev
openal_indev
oss_indev
pulse_indev
sndio_indev
v4l2_indev
vfwcap_indev
x11_grab_device_indev
libcdio_indev
libdc1394_indev'
LANG=en_US
LAVFI_TESTS='crop_test
crop_scale_test
crop_scale_vflip_test
crop_vflip_test
drawbox_test
fade_test
life_test
null_test
overlay_test
pad_test
pixdesc_test
pixfmts_copy_test
pixfmts_crop_test
pixfmts_hflip_test
pixfmts_null_test
pixfmts_pad_test
pixfmts_scale_test
pixfmts_vflip_test
pp_test
pp2_test
pp3_test
pp4_test
pp5_test
pp6_test
scale200_test
scale500_test
select_test
setdar_test
setsar_test
testsrc_test
thumbnail_test
transpose_test
unsharp_test
vflip_test
vflip_crop_test
vflip_vflip_test'
LAVF_FATE_TESTS=ogg_vp3_test
LAVF_TESTS='aiff_test
alaw_test
asf_test
au_test
avi_test
bmp_test
caf_test
dpx_test
dv_fmt_test
ffm_test
flv_fmt_test
gif_test
gxf_test
ismv_test
jpg_test
mkv_test
mmf_test
mov_test
mpg_test
mulaw_test
mxf_test
mxf_d10_test
nut_test
ogg_test
pam_test
pbmpipe_test
pcx_test
pgm_test
pgmpipe_test
pixfmt_test
png_test
ppm_test
ppmpipe_test
rm_test
rso_test
sgi_test
sox_test
sunrast_test
swf_test
tga_test
tiff_test
ts_test
voc_test
voc_s16_test
wav_test
wtv_test
xwd_test
yuv4mpeg_test'
LC_ALL=C
LC_COLLATE=C
LIBNAME='$(LIBPREF)$(FULLNAME)$(LIBSUF)'
LIBPREF=lib
LIBSUF=.a
LIB_INSTALL_EXTRA_CMD='$$(RANLIB) "$(LIBDIR)/$(LIBNAME)"'
LOGNAME=root
LS_COLORS=
MACHTYPE=i486-slackware-linux-gnu
MUXER_LIST='a64_muxer
ac3_muxer
adts_muxer
adx_muxer
aiff_muxer
amr_muxer
asf_muxer
ass_muxer
asf_stream_muxer
au_muxer
avi_muxer
avm2_muxer
bit_muxer
caf_muxer
cavsvideo_muxer
crc_muxer
daud_muxer
dirac_muxer
dnxhd_muxer
dts_muxer
dv_muxer
eac3_muxer
ffm_muxer
ffmetadata_muxer
filmstrip_muxer
flac_muxer
flv_muxer
framecrc_muxer
framemd5_muxer
g722_muxer
g723_1_muxer
gif_muxer
gxf_muxer
h261_muxer
h263_muxer
h264_muxer
image2_muxer
image2pipe_muxer
ipod_muxer
ismv_muxer
ivf_muxer
latm_muxer
m4v_muxer
md5_muxer
matroska_muxer
matroska_audio_muxer
microdvd_muxer
mjpeg_muxer
mlp_muxer
mmf_muxer
mov_muxer
mp2_muxer
mp3_muxer
mp4_muxer
mpeg1system_muxer
mpeg1vcd_muxer
mpeg1video_muxer
mpeg2dvd_muxer
mpeg2svcd_muxer
mpeg2video_muxer
mpeg2vob_muxer
mpegts_muxer
mpjpeg_muxer
mxf_muxer
mxf_d10_muxer
null_muxer
nut_muxer
ogg_muxer
oma_muxer
pcm_alaw_muxer
pcm_mulaw_muxer
pcm_f64be_muxer
pcm_f64le_muxer
pcm_f32be_muxer
pcm_f32le_muxer
pcm_s32be_muxer
pcm_s32le_muxer
pcm_s24be_muxer
pcm_s24le_muxer
pcm_s16be_muxer
pcm_s16le_muxer
pcm_s8_muxer
pcm_u32be_muxer
pcm_u32le_muxer
pcm_u24be_muxer
pcm_u24le_muxer
pcm_u16be_muxer
pcm_u16le_muxer
pcm_u8_muxer
psp_muxer
rawvideo_muxer
rm_muxer
roq_muxer
rso_muxer
rtp_muxer
rtsp_muxer
sap_muxer
segment_muxer
smjpeg_muxer
sox_muxer
spdif_muxer
srt_muxer
swf_muxer
tg2_muxer
tgp_muxer
mkvtimestamp_v2_muxer
truehd_muxer
vc1t_muxer
voc_muxer
wav_muxer
webm_muxer
wtv_muxer
yuv4mpegpipe_muxer
libnut_muxer'
OPTERR=1
OPTIND=1
OSTYPE=linux-gnu
OUTDEV_LIST='alsa_outdev
oss_outdev
sdl_outdev
sndio_outdev'
PARSER_LIST='aac_parser
aac_latm_parser
ac3_parser
adx_parser
cavsvideo_parser
dca_parser
dirac_parser
dnxhd_parser
dvbsub_parser
dvdsub_parser
flac_parser
gsm_parser
h261_parser
h263_parser
h264_parser
mjpeg_parser
mlp_parser
mpeg4video_parser
mpegaudio_parser
mpegvideo_parser
pnm_parser
rv30_parser
rv40_parser
vc1_parser
vorbis_parser
vp3_parser
vp8_parser'
PATH=/usr/local/bin:/bin:/usr/bin
PATHS_LIST='
    bindir
    datadir
    incdir
    libdir
    mandir
    prefix
    shlibdir
'
PIPESTATUS=([0]="0")
POSIXLY_CORRECT=y
PPID=24387
PROGRAM_LIST='
    ffplay
    ffprobe
    ffserver
    ffmpeg
'
PROTOCOL_LIST='applehttp_protocol
bluray_protocol
cache_protocol
concat_protocol
crypto_protocol
file_protocol
gopher_protocol
hls_protocol
http_protocol
httpproxy_protocol
https_protocol
mmsh_protocol
mmst_protocol
md5_protocol
pipe_protocol
rtmp_protocol
rtp_protocol
tcp_protocol
tls_protocol
udp_protocol
librtmp_protocol
librtmpe_protocol
librtmps_protocol
librtmpt_protocol
librtmpte_protocol'
PS4='+ '
PWD=/home/ffcron/ffgit4cron/ffmpeg
SEEK_TESTS='seek_ac3_ac3_test
seek_adpcm_ima_wav_test
seek_adpcm_ms_wav_test
seek_adpcm_qt_aiff_test
seek_adpcm_swf_flv_test
seek_adpcm_yam_wav_test
seek_alac_m4a_test
seek_asv1_avi_test
seek_asv2_avi_test
seek_dnxhd_1080i_mov_test
seek_dnxhd_720p_dnxhd_test
seek_dnxhd_720p_rd_dnxhd_test
seek_dv411_dv_test
seek_dv50_dv_test
seek_dv_dv_test
seek_error_mpeg4_adv_avi_test
seek_ffv1_avi_test
seek_flac_flac_test
seek_flashsv_flv_test
seek_flv_flv_test
seek_g726_wav_test
seek_h261_avi_test
seek_h263_avi_test
seek_h263p_avi_test
seek_huffyuv_avi_test
seek_image_bmp_test
seek_image_jpg_test
seek_image_pcx_test
seek_image_pgm_test
seek_image_ppm_test
seek_image_sgi_test
seek_image_tga_test
seek_image_tiff_test
seek_jpegls_avi_test
seek_lavf_aif_test
seek_lavf_al_test
seek_lavf_asf_test
seek_lavf_au_test
seek_lavf_avi_test
seek_lavf_dv_test
seek_lavf_ffm_test
seek_lavf_flv_test
seek_lavf_gif_test
seek_lavf_gxf_test
seek_lavf_mkv_test
seek_lavf_mmf_test
seek_lavf_mov_test
seek_lavf_mpg_test
seek_lavf_mxf_test
seek_lavf_mxf_d10_test
seek_lavf_nut_test
seek_lavf_ogg_test
seek_lavf_rm_test
seek_lavf_swf_test
seek_lavf_ts_test
seek_lavf_ul_test
seek_lavf_voc_test
seek_lavf_wav_test
seek_lavf_wtv_test
seek_lavf_y4m_test
seek_ljpeg_avi_test
seek_mjpeg_avi_test
seek_mp2_mp2_test
seek_mpeg1_mpg_test
seek_mpeg1b_mpg_test
seek_mpeg2_422_mpg_test
seek_mpeg2_idct_int_mpg_test
seek_mpeg2i_mpg_test
seek_mpeg2ivlc_qprd_mpg_test
seek_mpeg2reuse_mpg_test
seek_mpeg2thread_mpg_test
seek_mpeg2threadivlc_mpg_test
seek_mpeg4_adap_avi_test
seek_mpeg4_adv_avi_test
seek_mpeg4_nr_avi_test
seek_mpeg4_qprd_avi_test
seek_mpeg4_rc_avi_test
seek_mpeg4_thread_avi_test
seek_msmpeg4_avi_test
seek_msmpeg4v2_avi_test
seek_odivx_mp4_test
seek_pbmpipe_pbm_test
seek_pcm_alaw_wav_test
seek_pcm_f32be_au_test
seek_pcm_f32le_wav_test
seek_pcm_f64be_au_test
seek_pcm_f64le_wav_test
seek_pcm_mulaw_wav_test
seek_pcm_s16be_mov_test
seek_pcm_s16le_wav_test
seek_pcm_s24be_mov_test
seek_pcm_s24daud_302_test
seek_pcm_s24le_wav_test
seek_pcm_s32be_mov_test
seek_pcm_s32le_wav_test
seek_pcm_s8_mov_test
seek_pcm_u8_wav_test
seek_pgmpipe_pgm_test
seek_ppmpipe_ppm_test
seek_rgb_avi_test
seek_roqav_roq_test
seek_rv10_rm_test
seek_rv20_rm_test
seek_snow53_avi_test
seek_snow_avi_test
seek_svq1_mov_test
seek_wmv1_avi_test
seek_wmv2_avi_test
seek_yuv_avi_test'
SHELL=/bin/bash
SHELLOPTS=braceexpand:hashall:interactive-comments:posix
SHFLAGS='-shared -Wl,-soname,$$(@F)'
SHLVL=4
SLIBNAME='$(SLIBPREF)$(FULLNAME)$(SLIBSUF)'
SLIBNAME_WITH_MAJOR='$(SLIBNAME).$(LIBMAJOR)'
SLIBNAME_WITH_VERSION='$(SLIBNAME).$(LIBVERSION)'
SLIBPREF=lib
SLIBSUF=.so
SLIB_INSTALL_LINKS='$(SLIBNAME_WITH_MAJOR) $(SLIBNAME)'
SLIB_INSTALL_NAME='$(SLIBNAME_WITH_VERSION)'
SUDO_COMMAND=/bin/su
SUDO_GID=100
SUDO_UID=1001
SUDO_USER=michael
TERM=rxvt-unicode
THREADS_LIST='
    pthreads
    w32threads
    os2threads
'
UID=1004
USER=root
USERNAME=root
VCODEC_TESTS='amv_test
asv1_test
asv2_test
cljr_test
dnxhd_1080i_test
dnxhd_720p_test
dnxhd_720p_10bit_test
dnxhd_720p_rd_test
dv_test
dv50_test
dv_411_test
error_test
ffv1_test
ffvhuff_test
flashsv_test
flashsv2_test
flv_test
h261_test
h263_test
h263p_test
huffyuv_test
jpeg2000_test
jpegls_test
ljpeg_test
mjpeg_test
mpeg_test
mpeg1b_test
mpeg2_test
mpeg2_422_test
mpeg2_idct_int_test
mpeg2_ilace_test
mpeg2_ivlc_qprd_test
mpeg2thread_test
mpeg2thread_ilace_test
mpeg4_test
mpeg4_adap_test
mpeg4_qpel_test
mpeg4_qprd_test
mpeg4adv_test
mpeg4nr_test
mpeg4thread_test
mpng_test
msmpeg4_test
msmpeg4v2_test
msvideo1_test
prores_test
prores_kostya_test
qtrle_test
qtrlegray_test
r210_test
rc_test
rgb_test
roq_test
rv10_test
rv20_test
snow_test
snowll_test
svq1_test
v210_test
v308_test
vref_test
wmv1_test
wmv2_test
y41p_test
yuv_test
yuv4_test
zlib_test
zmbv_test'
_='# ./configure  --disable-everything'
aac_decoder_select='mdct sinewin'
aac_encoder_select='mdct sinewin'
aac_latm_decoder_select='aac_decoder aac_latm_parser'
ac3_decoder_select='mdct ac3dsp ac3_parser'
ac3_demuxer_select=ac3_parser
ac3_encoder_select='mdct ac3dsp'
ac3_fixed_encoder_select='mdct ac3dsp'
ac3_fixed_test=yes
ac3_fixed_test_deps='ac3_fixed_encoder ac3_decoder'
aconvert_filter_deps=swresample
adpcm_adx_test=yes
adpcm_ima_qt_test=yes
adpcm_ima_qt_test_deps=' adpcm_ima_qt_encoder adpcm_ima_qt_decoder'
adpcm_ima_wav_test=yes
adpcm_ima_wav_test_deps=' adpcm_ima_wav_encoder adpcm_ima_wav_decoder'
adpcm_ms_test=yes
adpcm_ms_test_deps=' adpcm_ms_encoder adpcm_ms_decoder'
adpcm_swf_test=yes
adpcm_swf_test_deps=' adpcm_swf_encoder adpcm_swf_decoder'
adpcm_yam_test=yes
adpcm_yam_test_deps=' adpcm_yamaha_encoder adpcm_yamaha_decoder'
aiff_test=yes
aiff_test_deps=' aiff_muxer aiff_demuxer'
alac_encoder_select=lpc
alac_test=yes
alac_test_deps=' alac_encoder alac_decoder'
alaw_test=yes
alaw_test_deps=' pcm_alaw_muxer pcm_alaw_demuxer'
aligned_stack_if_any='ppc x86'
alsa_indev_deps='alsa_asoundlib_h snd_pcm_htimestamp'
alsa_outdev_deps=alsa_asoundlib_h
altivec=yes
altivec_deps=ppc
amd3dnow=yes
amd3dnow_deps=mmx
amd3dnowext=yes
amd3dnowext_deps=amd3dnow
amovie_filter_deps='avcodec avformat'
amrnb_decoder_select=lsp
amrwb_decoder_select=lsp
amv_test=yes
ar_default=ar
arch_default=i686
aref_test=yes
aresample_filter_deps=swresample
armv5te=yes
armv5te_deps=arm
armv6=yes
armv6_deps=arm
armv6t2=yes
armv6t2_deps=arm
armvfp=yes
armvfp_deps=arm
asf_stream_muxer_select=asf_muxer
asf_test=yes
asf_test_deps=' asf_muxer asf_demuxer'
asm=yes
ass_filter_deps=libass
asv1_test=yes
asv1_test_deps=' asv1_encoder asv1_decoder'
asv2_test=yes
asv2_test_deps=' asv2_encoder asv2_decoder'
atrac1_decoder_select='mdct sinewin'
atrac3_decoder_select=mdct
au_test=yes
au_test_deps=' au_muxer au_demuxer'
avcodec=yes
avdevice=yes
avdevice_deps='avcodec avformat'
avfilter=yes
avformat=yes
avformat_deps=avcodec
avi_test=yes
avi_test_deps=' avi_muxer avi_demuxer'
avisynth_demuxer_deps=avisynth
avutil=yes
avx=yes
avx_deps=ssse3
bindir_default='${prefix}/bin'
binkaudio_dct_decoder_select='mdct rdft dct sinewin'
binkaudio_rdft_decoder_select='mdct rdft sinewin'
bktr_indev_deps_any='dev_bktr_ioctl_bt848_h machine_ioctl_bt848_h dev_video_bktr_ioctl_bt848_h dev_ic_bt8xx_h'
blackframe_filter_deps=gpl
bluray_protocol_deps=libbluray
bmp_test=yes
bmp_test_deps=' bmp_encoder bmp_decoder'
boxblur_filter_deps=gpl
bsfs_if_any='aac_adtstoasc_bsf
chomp_bsf
dump_extradata_bsf
h264_mp4toannexb_bsf
imx_dump_header_bsf
mjpeg2jpeg_bsf
mjpega_dump_header_bsf
mp3_header_compress_bsf
mp3_header_decompress_bsf
mov2textsub_bsf
noise_bsf
remove_extradata_bsf
text2movsub_bsf'
caf_test=yes
cavs_decoder_select=golomb
cc_default=gcc
cc_version='"unknown"'
cljr_test=yes
cook_decoder_select='mdct sinewin'
cpu=generic
crop_scale_test=yes
crop_scale_vflip_test=yes
crop_test=yes
crop_vflip_test=yes
cropdetect_filter_deps=gpl
crystalhd_deps=libcrystalhd_libcrystalhd_if_h
cscd_decoder_suggest=zlib
cxx_default=g++
datadir_default='${prefix}/share/ffmpeg'
dca_decoder_select=mdct
dct_select=rdft
debug=yes
decoders_if_any='aasc_decoder
amv_decoder
anm_decoder
ansi_decoder
asv1_decoder
asv2_decoder
aura_decoder
aura2_decoder
avrp_decoder
avs_decoder
ayuv_decoder
bethsoftvid_decoder
bfi_decoder
bink_decoder
bmp_decoder
bmv_video_decoder
c93_decoder
cavs_decoder
cdgraphics_decoder
cdxl_decoder
cinepak_decoder
cljr_decoder
cscd_decoder
cyuv_decoder
dfa_decoder
dirac_decoder
dnxhd_decoder
dpx_decoder
dsicinvideo_decoder
dvvideo_decoder
dxa_decoder
dxtory_decoder
eacmv_decoder
eamad_decoder
eatgq_decoder
eatgv_decoder
eatqi_decoder
eightbps_decoder
eightsvx_exp_decoder
eightsvx_fib_decoder
escape124_decoder
escape130_decoder
ffv1_decoder
ffvhuff_decoder
flashsv_decoder
flashsv2_decoder
flic_decoder
flv_decoder
fourxm_decoder
fraps_decoder
frwu_decoder
gif_decoder
h261_decoder
h263_decoder
h263i_decoder
h264_decoder
h264_crystalhd_decoder
h264_vdpau_decoder
huffyuv_decoder
idcin_decoder
iff_byterun1_decoder
iff_ilbm_decoder
indeo2_decoder
indeo3_decoder
indeo4_decoder
indeo5_decoder
interplay_video_decoder
jpeg2000_decoder
jpegls_decoder
jv_decoder
kgv1_decoder
kmvc_decoder
lagarith_decoder
loco_decoder
mdec_decoder
mimic_decoder
mjpeg_decoder
mjpegb_decoder
mmvideo_decoder
motionpixels_decoder
mpeg_xvmc_decoder
mpeg1video_decoder
mpeg2video_decoder
mpeg4_decoder
mpeg4_crystalhd_decoder
mpeg4_vdpau_decoder
mpegvideo_decoder
mpeg_vdpau_decoder
mpeg1_vdpau_decoder
mpeg2_crystalhd_decoder
msmpeg4_crystalhd_decoder
msmpeg4v1_decoder
msmpeg4v2_decoder
msmpeg4v3_decoder
msrle_decoder
msvideo1_decoder
mszh_decoder
mxpeg_decoder
nuv_decoder
pam_decoder
pbm_decoder
pcx_decoder
pgm_decoder
pgmyuv_decoder
pictor_decoder
png_decoder
ppm_decoder
prores_decoder
prores_lgpl_decoder
ptx_decoder
qdraw_decoder
qpeg_decoder
qtrle_decoder
r10k_decoder
r210_decoder
rawvideo_decoder
rl2_decoder
roq_decoder
rpza_decoder
rv10_decoder
rv20_decoder
rv30_decoder
rv40_decoder
s302m_decoder
sgi_decoder
smacker_decoder
smc_decoder
snow_decoder
sp5x_decoder
sunrast_decoder
svq1_decoder
svq3_decoder
targa_decoder
theora_decoder
thp_decoder
tiertexseqvideo_decoder
tiff_decoder
tmv_decoder
truemotion1_decoder
truemotion2_decoder
tscc_decoder
txd_decoder
ulti_decoder
utvideo_decoder
v210_decoder
v210x_decoder
v308_decoder
v408_decoder
v410_decoder
vb_decoder
vble_decoder
vc1_decoder
vc1_crystalhd_decoder
vc1_vdpau_decoder
vc1image_decoder
vcr1_decoder
vmdvideo_decoder
vmnc_decoder
vp3_decoder
vp5_decoder
vp6_decoder
vp6a_decoder
vp6f_decoder
vp8_decoder
vqa_decoder
wmv1_decoder
wmv2_decoder
wmv3_decoder
wmv3_crystalhd_decoder
wmv3_vdpau_decoder
wmv3image_decoder
wnv1_decoder
xan_wc3_decoder
xan_wc4_decoder
xl_decoder
xwd_decoder
y41p_decoder
yop_decoder
yuv4_decoder
zerocodec_decoder
zlib_decoder
zmbv_decoder
aac_decoder
aac_latm_decoder
ac3_decoder
alac_decoder
als_decoder
amrnb_decoder
amrwb_decoder
ape_decoder
atrac1_decoder
atrac3_decoder
binkaudio_dct_decoder
binkaudio_rdft_decoder
bmv_audio_decoder
cook_decoder
dca_decoder
dsicinaudio_decoder
eac3_decoder
ffwavesynth_decoder
flac_decoder
g723_1_decoder
g729_decoder
gsm_decoder
gsm_ms_decoder
imc_decoder
mace3_decoder
mace6_decoder
mlp_decoder
mp1_decoder
mp1float_decoder
mp2_decoder
mp2float_decoder
mp3_decoder
mp3float_decoder
mp3adu_decoder
mp3adufloat_decoder
mp3on4_decoder
mp3on4float_decoder
mpc7_decoder
mpc8_decoder
nellymoser_decoder
qcelp_decoder
qdm2_decoder
ra_144_decoder
ra_288_decoder
ralf_decoder
shorten_decoder
sipr_decoder
smackaud_decoder
sonic_decoder
truehd_decoder
truespeech_decoder
tta_decoder
twinvq_decoder
vmdaudio_decoder
vorbis_decoder
wavpack_decoder
wmalossless_decoder
wmapro_decoder
wmav1_decoder
wmav2_decoder
wmavoice_decoder
ws_snd1_decoder
pcm_alaw_decoder
pcm_bluray_decoder
pcm_dvd_decoder
pcm_f32be_decoder
pcm_f32le_decoder
pcm_f64be_decoder
pcm_f64le_decoder
pcm_lxf_decoder
pcm_mulaw_decoder
pcm_s8_decoder
pcm_s8_planar_decoder
pcm_s16be_decoder
pcm_s16le_decoder
pcm_s16le_planar_decoder
pcm_s24be_decoder
pcm_s24daud_decoder
pcm_s24le_decoder
pcm_s32be_decoder
pcm_s32le_decoder
pcm_u8_decoder
pcm_u16be_decoder
pcm_u16le_decoder
pcm_u24be_decoder
pcm_u24le_decoder
pcm_u32be_decoder
pcm_u32le_decoder
pcm_zork_decoder
interplay_dpcm_decoder
roq_dpcm_decoder
sol_dpcm_decoder
xan_dpcm_decoder
adpcm_4xm_decoder
adpcm_adx_decoder
adpcm_ct_decoder
adpcm_ea_decoder
adpcm_ea_maxis_xa_decoder
adpcm_ea_r1_decoder
adpcm_ea_r2_decoder
adpcm_ea_r3_decoder
adpcm_ea_xas_decoder
adpcm_g722_decoder
adpcm_g726_decoder
adpcm_ima_amv_decoder
adpcm_ima_apc_decoder
adpcm_ima_dk3_decoder
adpcm_ima_dk4_decoder
adpcm_ima_ea_eacs_decoder
adpcm_ima_ea_sead_decoder
adpcm_ima_iss_decoder
adpcm_ima_qt_decoder
adpcm_ima_smjpeg_decoder
adpcm_ima_wav_decoder
adpcm_ima_ws_decoder
adpcm_ms_decoder
adpcm_sbpro_2_decoder
adpcm_sbpro_3_decoder
adpcm_sbpro_4_decoder
adpcm_swf_decoder
adpcm_thp_decoder
adpcm_xa_decoder
adpcm_yamaha_decoder
ass_decoder
dvbsub_decoder
dvdsub_decoder
pgssub_decoder
srt_decoder
xsub_decoder
libcelt_decoder
libdirac_decoder
libgsm_decoder
libgsm_ms_decoder
libopencore_amrnb_decoder
libopencore_amrwb_decoder
libopenjpeg_decoder
libschroedinger_decoder
libspeex_decoder
libstagefright_h264_decoder
libutvideo_decoder
libvpx_decoder
bintext_decoder
xbin_decoder
idf_decoder'
delogo_filter_deps=gpl
demuxers_if_any='aac_demuxer
ac3_demuxer
act_demuxer
adf_demuxer
adx_demuxer
aea_demuxer
aiff_demuxer
amr_demuxer
anm_demuxer
apc_demuxer
ape_demuxer
asf_demuxer
ass_demuxer
au_demuxer
avi_demuxer
avisynth_demuxer
avs_demuxer
bethsoftvid_demuxer
bfi_demuxer
bintext_demuxer
bink_demuxer
bit_demuxer
bmv_demuxer
c93_demuxer
caf_demuxer
cavsvideo_demuxer
cdg_demuxer
cdxl_demuxer
daud_demuxer
dfa_demuxer
dirac_demuxer
dnxhd_demuxer
dsicin_demuxer
dts_demuxer
dv_demuxer
dxa_demuxer
ea_demuxer
ea_cdata_demuxer
eac3_demuxer
ffm_demuxer
ffmetadata_demuxer
filmstrip_demuxer
flac_demuxer
flic_demuxer
flv_demuxer
fourxm_demuxer
g722_demuxer
g723_1_demuxer
g729_demuxer
gsm_demuxer
gxf_demuxer
h261_demuxer
h263_demuxer
h264_demuxer
hls_demuxer
ico_demuxer
idcin_demuxer
idf_demuxer
iff_demuxer
image2_demuxer
image2pipe_demuxer
ingenient_demuxer
ipmovie_demuxer
iss_demuxer
iv8_demuxer
ivf_demuxer
jv_demuxer
latm_demuxer
lmlm4_demuxer
loas_demuxer
lxf_demuxer
m4v_demuxer
matroska_demuxer
microdvd_demuxer
mjpeg_demuxer
mlp_demuxer
mm_demuxer
mmf_demuxer
mov_demuxer
mp3_demuxer
mpc_demuxer
mpc8_demuxer
mpegps_demuxer
mpegts_demuxer
mpegtsraw_demuxer
mpegvideo_demuxer
msnwc_tcp_demuxer
mtv_demuxer
mvi_demuxer
mxf_demuxer
mxg_demuxer
nc_demuxer
nsv_demuxer
nut_demuxer
nuv_demuxer
ogg_demuxer
oma_demuxer
pcm_alaw_demuxer
pcm_mulaw_demuxer
pcm_f64be_demuxer
pcm_f64le_demuxer
pcm_f32be_demuxer
pcm_f32le_demuxer
pcm_s32be_demuxer
pcm_s32le_demuxer
pcm_s24be_demuxer
pcm_s24le_demuxer
pcm_s16be_demuxer
pcm_s16le_demuxer
pcm_s8_demuxer
pcm_u32be_demuxer
pcm_u32le_demuxer
pcm_u24be_demuxer
pcm_u24le_demuxer
pcm_u16be_demuxer
pcm_u16le_demuxer
pcm_u8_demuxer
pmp_demuxer
pva_demuxer
qcp_demuxer
r3d_demuxer
rawvideo_demuxer
rl2_demuxer
rm_demuxer
roq_demuxer
rpl_demuxer
rso_demuxer
rtp_demuxer
rtsp_demuxer
sap_demuxer
sbg_demuxer
sdp_demuxer
segafilm_demuxer
shorten_demuxer
siff_demuxer
smacker_demuxer
smjpeg_demuxer
sol_demuxer
sox_demuxer
spdif_demuxer
srt_demuxer
str_demuxer
swf_demuxer
thp_demuxer
tiertexseq_demuxer
tmv_demuxer
truehd_demuxer
tta_demuxer
txd_demuxer
tty_demuxer
vc1_demuxer
vc1t_demuxer
vmd_demuxer
voc_demuxer
vqf_demuxer
w64_demuxer
wav_demuxer
wc3_demuxer
wsaud_demuxer
wsvqa_demuxer
wtv_demuxer
wv_demuxer
xa_demuxer
xbin_demuxer
xmv_demuxer
xwma_demuxer
yop_demuxer
yuv4mpegpipe_demuxer
libmodplug_demuxer
libnut_demuxer'
dep=yuv4mpegpipe
dirac_demuxer_select=dirac_parser
dnxhd_1080i_test=yes
dnxhd_1080i_test_deps=' dnxhd_encoder dnxhd_decoder'
dnxhd_720p_10bit_test=yes
dnxhd_720p_rd_test=yes
dnxhd_720p_rd_test_deps=' dnxhd_encoder dnxhd_decoder'
dnxhd_720p_test=yes
dnxhd_720p_test_deps=' dnxhd_encoder dnxhd_decoder'
dnxhd_encoder_select=aandct
doc=yes
doc_deps=texi2html
dpx_test=yes
drawbox_test=yes
drawtext_filter_deps=libfreetype
dshow_indev_deps=IBaseFilter
dshow_indev_extralibs='-lpsapi -lole32 -lstrmiids -luuid'
dv1394_indev_deps='dv1394 dv_demuxer'
dv50_test=yes
dv50_test_deps=' dvvideo_encoder dvvideo_decoder'
dv_411_test=yes
dv_411_test_deps=' dvvideo_encoder dvvideo_decoder'
dv_fmt_test=yes
dv_fmt_test_deps=' dv_muxer dv_demuxer'
dv_test=yes
dv_test_deps=' dvvideo_encoder dvvideo_decoder'
dxa_decoder_select=zlib
eac3_decoder_select=ac3_decoder
eac3_demuxer_select=ac3_parser
eac3_encoder_select='mdct ac3dsp'
eamad_decoder_select=aandct
eatgq_decoder_select=aandct
eatqi_decoder_select=aandct
encoders_if_any='a64multi_encoder
a64multi5_encoder
amv_encoder
asv1_encoder
asv2_encoder
avrp_encoder
ayuv_encoder
bmp_encoder
cljr_encoder
dnxhd_encoder
dpx_encoder
dvvideo_encoder
ffv1_encoder
ffvhuff_encoder
flashsv_encoder
flashsv2_encoder
flv_encoder
gif_encoder
h261_encoder
h263_encoder
h263p_encoder
huffyuv_encoder
jpeg2000_encoder
jpegls_encoder
ljpeg_encoder
mjpeg_encoder
mpeg1video_encoder
mpeg2video_encoder
mpeg4_encoder
msmpeg4v2_encoder
msmpeg4v3_encoder
msvideo1_encoder
pam_encoder
pbm_encoder
pcx_encoder
pgm_encoder
pgmyuv_encoder
png_encoder
ppm_encoder
prores_encoder
prores_anatoliy_encoder
prores_kostya_encoder
qtrle_encoder
r10k_encoder
r210_encoder
rawvideo_encoder
roq_encoder
rv10_encoder
rv20_encoder
sgi_encoder
snow_encoder
sunrast_encoder
svq1_encoder
targa_encoder
tiff_encoder
v210_encoder
v308_encoder
v408_encoder
v410_encoder
wmv1_encoder
wmv2_encoder
xbm_encoder
xwd_encoder
y41p_encoder
yuv4_encoder
zlib_encoder
zmbv_encoder
aac_encoder
ac3_encoder
ac3_fixed_encoder
alac_encoder
dca_encoder
eac3_encoder
flac_encoder
g723_1_encoder
mp2_encoder
nellymoser_encoder
ra_144_encoder
sonic_encoder
sonic_ls_encoder
vorbis_encoder
wmav1_encoder
wmav2_encoder
pcm_alaw_encoder
pcm_f32be_encoder
pcm_f32le_encoder
pcm_f64be_encoder
pcm_f64le_encoder
pcm_mulaw_encoder
pcm_s8_encoder
pcm_s16be_encoder
pcm_s16le_encoder
pcm_s24be_encoder
pcm_s24daud_encoder
pcm_s24le_encoder
pcm_s32be_encoder
pcm_s32le_encoder
pcm_u8_encoder
pcm_u16be_encoder
pcm_u16le_encoder
pcm_u24be_encoder
pcm_u24le_encoder
pcm_u32be_encoder
pcm_u32le_encoder
roq_dpcm_encoder
adpcm_adx_encoder
adpcm_g722_encoder
adpcm_g726_encoder
adpcm_ima_qt_encoder
adpcm_ima_wav_encoder
adpcm_ms_encoder
adpcm_swf_encoder
adpcm_yamaha_encoder
ass_encoder
dvbsub_encoder
dvdsub_encoder
srt_encoder
xsub_encoder
libaacplus_encoder
libfaac_encoder
libgsm_encoder
libgsm_ms_encoder
libmp3lame_encoder
libopencore_amrnb_encoder
libopenjpeg_encoder
libschroedinger_encoder
libspeex_encoder
libtheora_encoder
libutvideo_encoder
libvo_aacenc_encoder
libvo_amrwbenc_encoder
libvorbis_encoder
libvpx_encoder
libx264_encoder
libx264rgb_encoder
libxavs_encoder
libxvid_encoder'
error_test=yes
error_test_deps=' mpeg4_encoder mpeg4_decoder'
fade_test=yes
fast_64bit_if_any='alpha ia64 mips64 parisc64 ppc64 sparc64 x86_64'
fast_clz_if_any='alpha armv5te avr32 mips ppc x86'
fast_unaligned_if_any='armv6 ppc x86'
fastdiv=yes
fbdev_indev_deps=linux_fb_h
ffm_test=yes
ffm_test_deps=' ffm_muxer ffm_demuxer'
ffmpeg=yes
ffmpeg_deps='avcodec avformat swscale swresample'
ffmpeg_select=buffersink_filter
ffplay=yes
ffplay_deps='avcodec avformat swscale swresample sdl'
ffplay_select='buffersink_filter rdft'
ffprobe=yes
ffprobe_deps='avcodec avformat'
ffserver=yes
ffserver_deps='avformat ffm_muxer fork rtp_protocol rtsp_demuxer'
ffserver_extralibs='$ldl'
ffv1_decoder_select=golomb
ffv1_test=yes
ffv1_test_deps=' ffv1_encoder ffv1_decoder'
ffvhuff_test=yes
filters_if_any='aconvert_filter
aformat_filter
amerge_filter
anull_filter
aresample_filter
ashowinfo_filter
asplit_filter
astreamsync_filter
earwax_filter
pan_filter
silencedetect_filter
volume_filter
abuffer_filter
aevalsrc_filter
amovie_filter
anullsrc_filter
abuffersink_filter
anullsink_filter
ass_filter
bbox_filter
blackdetect_filter
blackframe_filter
boxblur_filter
copy_filter
crop_filter
cropdetect_filter
delogo_filter
deshake_filter
drawbox_filter
drawtext_filter
fade_filter
fieldorder_filter
fifo_filter
format_filter
frei0r_filter
gradfun_filter
hflip_filter
hqdn3d_filter
lut_filter
lutrgb_filter
lutyuv_filter
mp_filter
negate_filter
noformat_filter
null_filter
ocv_filter
overlay_filter
pad_filter
pixdesctest_filter
scale_filter
select_filter
setdar_filter
setfield_filter
setpts_filter
setsar_filter
settb_filter
showinfo_filter
slicify_filter
split_filter
swapuv_filter
thumbnail_filter
tile_filter
tinterlace_filter
transpose_filter
unsharp_filter
vflip_filter
yadif_filter
cellauto_filter
color_filter
frei0r_src_filter
life_filter
mandelbrot_filter
movie_filter
mptestsrc_filter
nullsrc_filter
rgbtestsrc_filter
testsrc_filter
buffersink_filter
nullsink_filter'
flac_decoder_select=golomb
flac_demuxer_select=flac_parser
flac_encoder_select='golomb lpc'
flac_test=yes
flac_test_deps=' flac_encoder flac_decoder'
flashsv2_decoder_select=zlib
flashsv2_encoder_select=zlib
flashsv2_test=yes
flashsv2_test_deps=zlib
flashsv_decoder_select=zlib
flashsv_encoder_select=zlib
flashsv_test=yes
flashsv_test_deps=' flashsv_encoder flashsv_decoder'
flv_decoder_select=h263_decoder
flv_encoder_select=h263_encoder
flv_fmt_test=yes
flv_fmt_test_deps=' flv_muxer flv_demuxer'
flv_test=yes
flv_test_deps=' flv_encoder flv_decoder'
fraps_decoder_select=huffman
frei0r_filter_deps='frei0r dlopen'
frei0r_src_filter_deps='frei0r dlopen'
g722_test=yes
g723_1_test=yes
g726_test=yes
g726_test_deps=' adpcm_g726_encoder adpcm_g726_decoder'
gif_test=yes
gif_test_deps=' gif_encoder gif_decoder'
gopher_protocol_deps=network
gxf_test=yes
gxf_test_deps=' gxf_muxer gxf_demuxer'
h261_encoder_select=aandct
h261_test=yes
h261_test_deps=' h261_encoder h261_decoder'
h263_decoder_select=h263_parser
h263_encoder_select=aandct
h263_test=yes
h263_test_deps=' h263_encoder h263_decoder'
h263_vaapi_hwaccel_select='vaapi h263_decoder'
h263i_decoder_select=h263_decoder
h263p_encoder_select=h263_encoder
h263p_test=yes
h263p_test_deps=' h263_encoder h263_decoder'
h264_crystalhd_decoder_select='crystalhd h264_mp4toannexb_bsf h264_parser'
h264_decoder_select='golomb h264chroma h264dsp h264pred'
h264_dxva2_hwaccel_deps=dxva2api_h
h264_dxva2_hwaccel_select='dxva2 h264_decoder'
h264_parser_select='golomb h264chroma h264dsp h264pred'
h264_vaapi_hwaccel_select='vaapi h264_decoder'
h264_vda_hwaccel_deps='VideoDecodeAcceleration_VDADecoder_h pthreads'
h264_vda_hwaccel_select='vda h264_decoder'
h264_vdpau_decoder_select='vdpau h264_decoder'
host_cc_default=gcc
host_cflags='-D_ISOC99_SOURCE -O3 -g'
host_libs=-lm
host_os=linux
hqdn3d_filter_deps=gpl
http_protocol_deps=network
http_protocol_select=tcp_protocol
httpproxy_protocol_deps=network
httpproxy_protocol_select=tcp_protocol
https_protocol_select=tls_protocol
huffyuv_test=yes
huffyuv_test_deps=' huffyuv_encoder huffyuv_decoder'
hwaccels_if_any='h263_vaapi_hwaccel
h264_dxva2_hwaccel
h264_vaapi_hwaccel
h264_vda_hwaccel
mpeg1_vdpau_hwaccel
mpeg2_dxva2_hwaccel
mpeg2_vaapi_hwaccel
mpeg2_vdpau_hwaccel
mpeg4_vaapi_hwaccel
vc1_dxva2_hwaccel
vc1_vaapi_hwaccel
wmv3_dxva2_hwaccel
wmv3_vaapi_hwaccel'
imc_decoder_select='fft mdct sinewin'
incdir_default='${prefix}/include'
indevs_if_any='alsa_indev
bktr_indev
dshow_indev
dv1394_indev
fbdev_indev
jack_indev
lavfi_indev
openal_indev
oss_indev
pulse_indev
sndio_indev
v4l2_indev
vfwcap_indev
x11_grab_device_indev
libcdio_indev
libdc1394_indev'
inline_asm_deps='!tms470'
install=install
ipod_muxer_select=mov_muxer
ismv_test=yes
ismv_test_deps=' mov_muxer mov_demuxer'
jack_indev_deps='jack_jack_h sem_timedwait'
jpeg2000_test=yes
jpegls_decoder_select=golomb
jpegls_encoder_select=golomb
jpegls_test=yes
jpegls_test_deps=' jpegls_encoder jpegls_decoder'
jpg_test=yes
jpg_test_deps=' mjpeg_encoder mjpeg_decoder'
l=
lavfi_indev_deps=avfilter
libaacplus_encoder_deps=libaacplus
libcdio_indev_deps=libcdio
libcelt_decoder_deps=libcelt
libdc1394_indev_deps=libdc1394
libdir_default='${prefix}/lib'
libdirac_decoder_deps='libdirac !libschroedinger'
libfaac_encoder_deps=libfaac
libgsm_decoder_deps=libgsm
libgsm_encoder_deps=libgsm
libgsm_ms_decoder_deps=libgsm
libgsm_ms_encoder_deps=libgsm
libmodplug_demuxer_deps=libmodplug
libmp3lame_encoder_deps=libmp3lame
libnut_demuxer_deps=libnut
libnut_muxer_deps=libnut
libopencore_amrnb_decoder_deps=libopencore_amrnb
libopencore_amrnb_encoder_deps=libopencore_amrnb
libopencore_amrwb_decoder_deps=libopencore_amrwb
libopenjpeg_decoder_deps=libopenjpeg
libopenjpeg_encoder_deps=libopenjpeg
librtmp_protocol_deps=librtmp
librtmpe_protocol_deps=librtmp
librtmps_protocol_deps=librtmp
librtmpt_protocol_deps=librtmp
librtmpte_protocol_deps=librtmp
libschroedinger_decoder_deps=libschroedinger
libschroedinger_encoder_deps=libschroedinger
libspeex_decoder_deps=libspeex
libspeex_encoder_deps=libspeex
libstagefright_h264_decoder_deps=libstagefright_h264
libtheora_encoder_deps=libtheora
libutvideo_decoder_deps=libutvideo
libutvideo_encoder_deps=libutvideo
libv4l2_indev_deps=libv4l2
libvo_aacenc_encoder_deps=libvo_aacenc
libvo_amrwbenc_encoder_deps=libvo_amrwbenc
libvorbis_encoder_deps=libvorbis
libvpx_decoder_deps=libvpx
libvpx_encoder_deps=libvpx
libx264_encoder_deps=libx264
libx264rgb_encoder_deps=libx264
libxavs_encoder_deps=libxavs
libxvid_encoder_deps=libxvid
life_test=yes
ljpeg_encoder_select=aandct
ljpeg_test=yes
ljpeg_test_deps=' mjpeg_encoder mjpeg_decoder'
ln_s='ln -sf'
loco_decoder_select=golomb
logfile=config.log
m='eval unset \${$(toupper ${v%s})_LIST}'
mandir_default='${prefix}/share/man'
matroska_audio_muxer_select=matroska_muxer
matroska_demuxer_suggest='zlib bzlib'
mdct_select=fft
mjpeg_encoder_select=aandct
mjpeg_test=yes
mjpeg_test_deps=' mjpeg_encoder mjpeg_decoder'
mkv_test=yes
mkv_test_deps=' matroska_muxer matroska_demuxer'
mlp_decoder_select=mlp_parser
mmf_test=yes
mmf_test_deps=' mmf_muxer mmf_demuxer'
mmi=yes
mmi_deps=mips
mmsh_protocol_select=http_protocol
mmst_protocol_deps=network
mmx=yes
mmx2=yes
mmx2_deps=mmx
mmx_deps=x86
mov_demuxer_suggest=zlib
mov_test=yes
mov_test_deps=' mov_muxer mov_demuxer'
movie_filter_deps='avcodec avformat'
mp1_decoder_select=mpegaudiodsp
mp1float_decoder_select=mpegaudiodsp
mp2_decoder_select=mpegaudiodsp
mp2_test=yes
mp2_test_deps=' mp2_encoder mp2_decoder'
mp2float_decoder_select=mpegaudiodsp
mp3_decoder_select=mpegaudiodsp
mp3_demuxer_select=mpegaudio_parser
mp3adu_decoder_select=mpegaudiodsp
mp3adufloat_decoder_select=mpegaudiodsp
mp3float_decoder_select=mpegaudiodsp
mp3on4_decoder_select=mpegaudiodsp
mp3on4float_decoder_select=mpegaudiodsp
mp4_muxer_select=mov_muxer
mp_filter_deps='gpl avcodec swscale postproc'
mpc7_decoder_select=mpegaudiodsp
mpc8_decoder_select=mpegaudiodsp
mpeg1_vdpau_decoder_select='vdpau mpeg1video_decoder'
mpeg1_vdpau_hwaccel_select='vdpau mpeg1video_decoder'
mpeg1b_test=yes
mpeg1b_test_deps=' mpeg1video_encoder mpeg1video_decoder'
mpeg1video_encoder_select=aandct
mpeg2_422_test=yes
mpeg2_422_test_deps=' mpeg2video_encoder mpeg2video_decoder'
mpeg2_crystalhd_decoder_select=crystalhd
mpeg2_dxva2_hwaccel_deps=dxva2api_h
mpeg2_dxva2_hwaccel_select='dxva2 mpeg2video_decoder'
mpeg2_idct_int_test=yes
mpeg2_idct_int_test_deps=' mpeg2video_encoder mpeg2video_decoder'
mpeg2_ilace_test=yes
mpeg2_ilace_test_deps=' mpeg2video_encoder mpeg2video_decoder'
mpeg2_ivlc_qprd_test=yes
mpeg2_ivlc_qprd_test_deps=' mpeg2video_encoder mpeg2video_decoder'
mpeg2_test=yes
mpeg2_test_deps=' mpeg2video_encoder mpeg2video_decoder'
mpeg2_vaapi_hwaccel_select='vaapi mpeg2video_decoder'
mpeg2_vdpau_hwaccel_select='vdpau mpeg2video_decoder'
mpeg2thread_ilace_test=yes
mpeg2thread_ilace_test_deps=' mpeg2video_encoder mpeg2video_decoder'
mpeg2thread_test=yes
mpeg2thread_test_deps=' mpeg2video_encoder mpeg2video_decoder'
mpeg2video_encoder_select=aandct
mpeg4_adap_test=yes
mpeg4_adap_test_deps=' mpeg4_encoder mpeg4_decoder'
mpeg4_crystalhd_decoder_select=crystalhd
mpeg4_decoder_select='h263_decoder mpeg4video_parser'
mpeg4_encoder_select=h263_encoder
mpeg4_qpel_test=yes
mpeg4_qpel_test_deps=' mpeg4_encoder mpeg4_decoder'
mpeg4_qprd_test=yes
mpeg4_qprd_test_deps=' mpeg4_encoder mpeg4_decoder'
mpeg4_test=yes
mpeg4_test_deps=' mpeg4_encoder mpeg4_decoder'
mpeg4_vaapi_hwaccel_select='vaapi mpeg4_decoder'
mpeg4_vdpau_decoder_select='vdpau mpeg4_decoder'
mpeg4adv_test=yes
mpeg4adv_test_deps=' mpeg4_encoder mpeg4_decoder'
mpeg4nr_test=yes
mpeg4nr_test_deps=' mpeg4_encoder mpeg4_decoder'
mpeg4thread_test=yes
mpeg4thread_test_deps=' mpeg4_encoder mpeg4_decoder'
mpeg_test=yes
mpeg_test_deps=' mpeg1video_encoder mpeg1video_decoder'
mpeg_vdpau_decoder_select='vdpau mpegvideo_decoder'
mpeg_xvmc_decoder_deps=X11_extensions_XvMClib_h
mpeg_xvmc_decoder_select=mpegvideo_decoder
mpegaudiodsp_select=dct
mpegtsraw_demuxer_select=mpegts_demuxer
mpg_test=yes
mpg_test_deps='mpeg1system_muxer mpegps_demuxer'
mpng_test=yes
mpng_test_deps=zlib
mptestsrc_filter_deps=gpl
msmpeg4_crystalhd_decoder_select=crystalhd
msmpeg4_test=yes
msmpeg4_test_deps=' msmpeg4v3_encoder msmpeg4v3_decoder'
msmpeg4v1_decoder_select=h263_decoder
msmpeg4v1_encoder_select=h263_encoder
msmpeg4v2_decoder_select=h263_decoder
msmpeg4v2_encoder_select=h263_encoder
msmpeg4v2_test=yes
msmpeg4v2_test_deps=' msmpeg4v2_encoder msmpeg4v2_decoder'
msmpeg4v3_decoder_select=h263_decoder
msmpeg4v3_encoder_select=h263_encoder
msvideo1_test=yes
mulaw_test=yes
mulaw_test_deps=' pcm_mulaw_muxer pcm_mulaw_demuxer'
muxers_if_any='a64_muxer
ac3_muxer
adts_muxer
adx_muxer
aiff_muxer
amr_muxer
asf_muxer
ass_muxer
asf_stream_muxer
au_muxer
avi_muxer
avm2_muxer
bit_muxer
caf_muxer
cavsvideo_muxer
crc_muxer
daud_muxer
dirac_muxer
dnxhd_muxer
dts_muxer
dv_muxer
eac3_muxer
ffm_muxer
ffmetadata_muxer
filmstrip_muxer
flac_muxer
flv_muxer
framecrc_muxer
framemd5_muxer
g722_muxer
g723_1_muxer
gif_muxer
gxf_muxer
h261_muxer
h263_muxer
h264_muxer
image2_muxer
image2pipe_muxer
ipod_muxer
ismv_muxer
ivf_muxer
latm_muxer
m4v_muxer
md5_muxer
matroska_muxer
matroska_audio_muxer
microdvd_muxer
mjpeg_muxer
mlp_muxer
mmf_muxer
mov_muxer
mp2_muxer
mp3_muxer
mp4_muxer
mpeg1system_muxer
mpeg1vcd_muxer
mpeg1video_muxer
mpeg2dvd_muxer
mpeg2svcd_muxer
mpeg2video_muxer
mpeg2vob_muxer
mpegts_muxer
mpjpeg_muxer
mxf_muxer
mxf_d10_muxer
null_muxer
nut_muxer
ogg_muxer
oma_muxer
pcm_alaw_muxer
pcm_mulaw_muxer
pcm_f64be_muxer
pcm_f64le_muxer
pcm_f32be_muxer
pcm_f32le_muxer
pcm_s32be_muxer
pcm_s32le_muxer
pcm_s24be_muxer
pcm_s24le_muxer
pcm_s16be_muxer
pcm_s16le_muxer
pcm_s8_muxer
pcm_u32be_muxer
pcm_u32le_muxer
pcm_u24be_muxer
pcm_u24le_muxer
pcm_u16be_muxer
pcm_u16le_muxer
pcm_u8_muxer
psp_muxer
rawvideo_muxer
rm_muxer
roq_muxer
rso_muxer
rtp_muxer
rtsp_muxer
sap_muxer
segment_muxer
smjpeg_muxer
sox_muxer
spdif_muxer
srt_muxer
swf_muxer
tg2_muxer
tgp_muxer
mkvtimestamp_v2_muxer
truehd_muxer
vc1t_muxer
voc_muxer
wav_muxer
webm_muxer
wtv_muxer
yuv4mpegpipe_muxer
libnut_muxer'
mxf_d10_muxer_select=mxf_muxer
mxf_d10_test=yes
mxf_d10_test_deps='avfilter mxf_muxer mxf_demuxer'
mxf_test=yes
mxf_test_deps=' mxf_muxer mxf_demuxer'
n=protocols
name=yuv4mpeg
need_memalign='altivec neon sse'
negate_filter_deps=lut_filter
nellymoser_decoder_select='mdct sinewin'
nellymoser_encoder_select='mdct sinewin'
neon=yes
neon_deps=arm
network=yes
nm_default=nm
nm_opts=-g
nogas=:
null_test=yes
nut_test=yes
nut_test_deps=' nut_muxer nut_demuxer'
objformat=elf
ocv_filter_deps=libopencv
ogg_demuxer_select=golomb
ogg_test=yes
ogg_test_deps=' ogg_muxer ogg_demuxer'
ogg_vp3_test=yes
ogg_vp3_test_deps=' ogg_muxer ogg_demuxer'
op==
openal_indev_deps=openal
opt=--disable-everything
optimizations=yes
optval=--disable-everything
oss_indev_deps_any='soundcard_h sys_soundcard_h'
oss_outdev_deps_any='soundcard_h sys_soundcard_h'
outdevs_if_any='alsa_outdev
oss_outdev
sdl_outdev
sndio_outdev'
overlay_test=yes
pad_test=yes
pam_test=yes
pan_filter_deps=swresample
parsers_if_any='aac_parser
aac_latm_parser
ac3_parser
adx_parser
cavsvideo_parser
dca_parser
dirac_parser
dnxhd_parser
dvbsub_parser
dvdsub_parser
flac_parser
gsm_parser
h261_parser
h263_parser
h264_parser
mjpeg_parser
mlp_parser
mpeg4video_parser
mpegaudio_parser
mpegvideo_parser
pnm_parser
rv30_parser
rv40_parser
vc1_parser
vorbis_parser
vp3_parser
vp8_parser'
pbmpipe_test=yes
pbmpipe_test_deps=' pbm_encoder pbm_decoder'
pcm_alaw_test=yes
pcm_f32be_test=yes
pcm_f32le_test=yes
pcm_f64be_test=yes
pcm_f64le_test=yes
pcm_mulaw_test=yes
pcm_s16be_test=yes
pcm_s16le_test=yes
pcm_s24be_test=yes
pcm_s24daud_test=yes
pcm_s24le_test=yes
pcm_s32be_test=yes
pcm_s32le_test=yes
pcm_s8_test=yes
pcm_test_deps='pcm_alaw_decoder pcm_alaw_encoder
pcm_f32be_decoder pcm_f32be_encoder
pcm_f32le_decoder pcm_f32le_encoder
pcm_f64be_decoder pcm_f64be_encoder
pcm_f64le_decoder pcm_f64le_encoder
pcm_mulaw_decoder pcm_mulaw_encoder
pcm_s8_decoder pcm_s8_encoder
pcm_s16be_decoder pcm_s16be_encoder
pcm_s16le_decoder pcm_s16le_encoder
pcm_s24be_decoder pcm_s24be_encoder
pcm_s24daud_decoder pcm_s24daud_encoder
pcm_s24le_decoder pcm_s24le_encoder
pcm_s32be_decoder pcm_s32be_encoder
pcm_s32le_decoder pcm_s32le_encoder
pcm_u8_decoder pcm_u8_encoder
pcm_u16be_decoder pcm_u16be_encoder
pcm_u16le_decoder pcm_u16le_encoder
pcm_u24be_decoder pcm_u24be_encoder
pcm_u24le_decoder pcm_u24le_encoder
pcm_u32be_decoder pcm_u32be_encoder
pcm_u32le_decoder pcm_u32le_encoder'
pcm_u8_test=yes
pcx_test=yes
pcx_test_deps=' pcx_encoder pcx_decoder'
pgm_test=yes
pgm_test_deps=' pgm_encoder pgm_decoder'
pgmpipe_test=yes
pgmpipe_test_deps=' pgm_encoder pgm_decoder'
pixdesc_test=yes
pixfmt_test=yes
pixfmt_test_deps=' rawvideo_muxer rawvideo_demuxer'
pixfmts_copy_test=yes
pixfmts_crop_test=yes
pixfmts_hflip_test=yes
pixfmts_null_test=yes
pixfmts_pad_test=yes
pixfmts_scale_test=yes
pixfmts_vflip_test=yes
pkg_config_default=pkg-config
png_decoder_select=zlib
png_encoder_select=zlib
png_test=yes
png_test_deps=' png_encoder png_decoder'
postproc=yes
postproc_deps=gpl
postproc_version_default=current
pp2_test=yes
pp2_test_deps=mp_filter
pp3_test=yes
pp3_test_deps=mp_filter
pp4_test=yes
pp4_test_deps=mp_filter
pp5_test=yes
pp5_test_deps=mp_filter
pp6_test=yes
pp6_test_deps=mp_filter
pp_test=yes
pp_test_deps=mp_filter
ppc4xx=yes
ppc4xx_deps=ppc
ppm_test=yes
ppm_test_deps=' ppm_encoder ppm_decoder'
ppmpipe_test=yes
ppmpipe_test_deps=' ppm_encoder ppm_decoder'
prefix_default=/usr/local
prores_kostya_test=yes
prores_test=yes
protocols_if_any='applehttp_protocol
bluray_protocol
cache_protocol
concat_protocol
crypto_protocol
file_protocol
gopher_protocol
hls_protocol
http_protocol
httpproxy_protocol
https_protocol
mmsh_protocol
mmst_protocol
md5_protocol
pipe_protocol
rtmp_protocol
rtp_protocol
tcp_protocol
tls_protocol
udp_protocol
librtmp_protocol
librtmpe_protocol
librtmps_protocol
librtmpt_protocol
librtmpte_protocol'
psp_muxer_select=mov_muxer
pulse_indev_deps=libpulse
qcelp_decoder_select=lsp
qdm2_decoder_select='mdct rdft mpegaudiodsp'
qtrle_test=yes
qtrlegray_test=yes
quotes='""'
r=--disable-everything
r210_test=yes
ra_144_encoder_select=lpc
ranlib=ranlib
rc_test=yes
rc_test_deps=' mpeg4_encoder mpeg4_decoder'
rdft_select=fft
rgb_test=yes
rgb_test_deps=' rawvideo_encoder rawvideo_decoder'
rm_test=yes
rm_test_deps=' rm_muxer rm_demuxer'
roq_test=yes
roq_test_deps=' roq_encoder roq_decoder'
rso_test=yes
rtmp_protocol_deps='!librtmp_protocol'
rtmp_protocol_select=tcp_protocol
rtp_demuxer_select=sdp_demuxer
rtp_protocol_select=udp_protocol
rtpdec_select='asf_demuxer rm_demuxer rtp_protocol mpegts_demuxer mov_demuxer'
rtsp_demuxer_select='http_protocol rtpdec'
rtsp_muxer_select='rtp_muxer http_protocol rtp_protocol'
rv10_decoder_select=h263_decoder
rv10_encoder_select=h263_encoder
rv10_test=yes
rv10_test_deps=' rv10_encoder rv10_decoder'
rv20_decoder_select=h263_decoder
rv20_encoder_select=h263_encoder
rv20_test=yes
rv20_test_deps=' rv20_encoder rv20_decoder'
rv30_decoder_select='golomb h264chroma h264pred'
rv40_decoder_select='golomb h264chroma h264pred'
safe_bitstream_reader=yes
sap_demuxer_select=sdp_demuxer
sap_muxer_select='rtp_muxer rtp_protocol'
scale200_test=yes
scale500_test=yes
scale_filter_deps=swscale
sdl_outdev_deps=sdl
sdp_demuxer_select=rtpdec
seek_ac3_ac3_test=yes
seek_adpcm_ima_wav_test=yes
seek_adpcm_ms_wav_test=yes
seek_adpcm_qt_aiff_test=yes
seek_adpcm_swf_flv_test=yes
seek_adpcm_yam_wav_test=yes
seek_alac_m4a_test=yes
seek_asv1_avi_test=yes
seek_asv2_avi_test=yes
seek_dnxhd_1080i_mov_test=yes
seek_dnxhd_720p_dnxhd_test=yes
seek_dnxhd_720p_rd_dnxhd_test=yes
seek_dv411_dv_test=yes
seek_dv50_dv_test=yes
seek_dv_dv_test=yes
seek_error_mpeg4_adv_avi_test=yes
seek_ffv1_avi_test=yes
seek_flac_flac_test=yes
seek_flashsv_flv_test=yes
seek_flv_flv_test=yes
seek_g726_wav_test=yes
seek_h261_avi_test=yes
seek_h263_avi_test=yes
seek_h263p_avi_test=yes
seek_huffyuv_avi_test=yes
seek_image_bmp_test=yes
seek_image_jpg_test=yes
seek_image_pcx_test=yes
seek_image_pgm_test=yes
seek_image_ppm_test=yes
seek_image_sgi_test=yes
seek_image_tga_test=yes
seek_image_tiff_test=yes
seek_jpegls_avi_test=yes
seek_lavf_aif_test=yes
seek_lavf_al_test=yes
seek_lavf_asf_test=yes
seek_lavf_au_test=yes
seek_lavf_avi_test=yes
seek_lavf_dv_test=yes
seek_lavf_ffm_test=yes
seek_lavf_flv_test=yes
seek_lavf_gif_test=yes
seek_lavf_gxf_test=yes
seek_lavf_mkv_test=yes
seek_lavf_mmf_test=yes
seek_lavf_mov_test=yes
seek_lavf_mpg_test=yes
seek_lavf_mxf_d10_test=yes
seek_lavf_mxf_d10_test_deps=mxf_d10_test
seek_lavf_mxf_test=yes
seek_lavf_nut_test=yes
seek_lavf_ogg_test=yes
seek_lavf_rm_test=yes
seek_lavf_swf_test=yes
seek_lavf_ts_test=yes
seek_lavf_ul_test=yes
seek_lavf_voc_test=yes
seek_lavf_wav_test=yes
seek_lavf_wtv_test=yes
seek_lavf_y4m_test=yes
seek_ljpeg_avi_test=yes
seek_mjpeg_avi_test=yes
seek_mp2_mp2_test=yes
seek_mpeg1_mpg_test=yes
seek_mpeg1b_mpg_test=yes
seek_mpeg2_422_mpg_test=yes
seek_mpeg2_idct_int_mpg_test=yes
seek_mpeg2i_mpg_test=yes
seek_mpeg2ivlc_qprd_mpg_test=yes
seek_mpeg2reuse_mpg_test=yes
seek_mpeg2thread_mpg_test=yes
seek_mpeg2threadivlc_mpg_test=yes
seek_mpeg4_adap_avi_test=yes
seek_mpeg4_adv_avi_test=yes
seek_mpeg4_nr_avi_test=yes
seek_mpeg4_qprd_avi_test=yes
seek_mpeg4_rc_avi_test=yes
seek_mpeg4_thread_avi_test=yes
seek_msmpeg4_avi_test=yes
seek_msmpeg4v2_avi_test=yes
seek_odivx_mp4_test=yes
seek_pbmpipe_pbm_test=yes
seek_pcm_alaw_wav_test=yes
seek_pcm_f32be_au_test=yes
seek_pcm_f32le_wav_test=yes
seek_pcm_f64be_au_test=yes
seek_pcm_f64le_wav_test=yes
seek_pcm_mulaw_wav_test=yes
seek_pcm_s16be_mov_test=yes
seek_pcm_s16le_wav_test=yes
seek_pcm_s24be_mov_test=yes
seek_pcm_s24daud_302_test=yes
seek_pcm_s24le_wav_test=yes
seek_pcm_s32be_mov_test=yes
seek_pcm_s32le_wav_test=yes
seek_pcm_s8_mov_test=yes
seek_pcm_u8_wav_test=yes
seek_pgmpipe_pgm_test=yes
seek_ppmpipe_ppm_test=yes
seek_rgb_avi_test=yes
seek_roqav_roq_test=yes
seek_rv10_rm_test=yes
seek_rv20_rm_test=yes
seek_snow53_avi_test=yes
seek_snow_avi_test=yes
seek_svq1_mov_test=yes
seek_wmv1_avi_test=yes
seek_wmv2_avi_test=yes
seek_yuv_avi_test=yes
select_test=yes
setdar_test=yes
setsar_test=yes
sgi_test=yes
sgi_test_deps=' sgi_encoder sgi_decoder'
shlibdir_default='${prefix}/lib'
shorten_decoder_select=golomb
sipr_decoder_select=lsp
sndio_indev_deps=sndio_h
sndio_outdev_deps=sndio_h
snow_decoder_select=dwt
snow_encoder_select='aandct dwt'
snow_test=yes
snow_test_deps=' snow_encoder snow_decoder'
snowll_test=yes
snowll_test_deps=' snow_encoder snow_decoder'
sonic_decoder_select=golomb
sonic_encoder_select=golomb
sonic_ls_encoder_select=golomb
source_path=.
sox_test=yes
spdif_muxer_select=aac_parser
sse=yes
sse_deps=mmx
ssse3=yes
ssse3_deps=sse
static=yes
strip_default=strip
stripping=yes
suf1=_muxer
suf2=_demuxer
sunrast_test=yes
svq1_encoder_select=aandct
svq1_test=yes
svq1_test_deps=' svq1_encoder svq1_decoder'
svq3_decoder_select='golomb h264chroma h264dsp h264pred'
svq3_decoder_suggest=zlib
swf_test=yes
swf_test_deps=' swf_muxer swf_demuxer'
swresample=yes
swscale=yes
swscale_alpha=yes
symver_if_any='symver_asm_label symver_gnu_asm'
target_os_default=linux
target_path='$(CURDIR)'
tcp_protocol_deps=network
tests=yuv4mpeg
testsrc_test=yes
tg2_muxer_select=mov_muxer
tga_test=yes
tga_test_deps=' targa_encoder targa_decoder'
tgp_muxer_select=mov_muxer
theora_decoder_select=vp3_decoder
thumbnail_test=yes
tiff_decoder_suggest=zlib
tiff_encoder_suggest=zlib
tiff_test=yes
tiff_test_deps=' tiff_encoder tiff_decoder'
tinterlace_filter_deps=gpl
tls_protocol_deps_any='openssl gnutls'
tls_protocol_select=tcp_protocol
transpose_test=yes
truehd_decoder_select=mlp_decoder
ts_test=yes
ts_test_deps=' mpegts_muxer mpegts_demuxer'
tscc_decoder_select=zlib
twinvq_decoder_select='mdct lsp sinewin'
udp_protocol_deps=network
unsharp_test=yes
v=protocols
v210_test=yes
v308_test=yes
v4l2_indev_deps_any='linux_videodev2_h sys_videoio_h'
v4l_indev_deps=linux_videodev_h
vaapi_deps=va_va_h
value=yes
var=seek_yuv_avi_test
vc1_crystalhd_decoder_select=crystalhd
vc1_decoder_select='h263_decoder h264chroma'
vc1_dxva2_hwaccel_deps=dxva2api_h
vc1_dxva2_hwaccel_select='dxva2 vc1_decoder'
vc1_vaapi_hwaccel_select='vaapi vc1_decoder'
vc1_vdpau_decoder_select='vdpau vc1_decoder'
vc1image_decoder_select=vc1_decoder
vda_deps='VideoDecodeAcceleration_VDADecoder_h pthreads'
vdpau_deps='vdpau_vdpau_h vdpau_vdpau_x11_h'
vflip_crop_test=yes
vflip_test=yes
vflip_vflip_test=yes
vfpv3=yes
vfpv3_deps=armvfp
vfwcap_indev_deps='capCreateCaptureWindow vfwcap_defines'
vfwcap_indev_extralibs=-lavicap32
vis=yes
vis_deps=sparc
voc_s16_test=yes
voc_test=yes
voc_test_deps=' voc_muxer voc_demuxer'
vorbis_decoder_select=mdct
vorbis_encoder_select=mdct
vp6_decoder_select=huffman
vp6a_decoder_select=vp6_decoder
vp6f_decoder_select=vp6_decoder
vp8_decoder_select=h264pred
vref_test=yes
w64_demuxer_deps=wav_demuxer
wav_test=yes
wav_test_deps=' wav_muxer wav_demuxer'
wmapro_decoder_select='mdct sinewin'
wmav1_decoder_select='mdct sinewin'
wmav1_encoder_select='mdct sinewin'
wmav1_test_deps=' wmav1_encoder wmav1_decoder'
wmav2_decoder_select='mdct sinewin'
wmav2_encoder_select='mdct sinewin'
wmav2_test_deps=' wmav2_encoder wmav2_decoder'
wmavoice_decoder_select='lsp rdft dct mdct sinewin'
wmv1_decoder_select=h263_decoder
wmv1_encoder_select=h263_encoder
wmv1_test=yes
wmv1_test_deps=' wmv1_encoder wmv1_decoder'
wmv2_decoder_select=h263_decoder
wmv2_encoder_select=h263_encoder
wmv2_test=yes
wmv2_test_deps=' wmv2_encoder wmv2_decoder'
wmv3_crystalhd_decoder_select=crystalhd
wmv3_decoder_select=vc1_decoder
wmv3_dxva2_hwaccel_select=vc1_dxva2_hwaccel
wmv3_vaapi_hwaccel_select=vc1_vaapi_hwaccel
wmv3_vdpau_decoder_select=vc1_vdpau_decoder
wmv3image_decoder_select=wmv3_decoder
wtv_test=yes
x11_grab_device_indev_deps='x11grab XShmCreateImage'
x11_grab_device_indev_extralibs='-lX11 -lXext -lXfixes'
x86_64_suggest='cmov fast_cmov'
xwd_test=yes
y41p_test=yes
yadif_filter_deps=gpl
yasmexe_default=yasm
yuv4_test=yes
yuv4mpeg_test=yes
yuv4mpeg_test_deps=' yuv4mpegpipe_muxer yuv4mpegpipe_demuxer'
yuv_test=yes
yuv_test_deps=' rawvideo_encoder rawvideo_decoder'
zerocodec_decoder_select=zlib
zlib_decoder_select=zlib
zlib_encoder_select=zlib
zlib_test=yes
zlib_test_deps=zlib
zmbv_decoder_select=zlib
zmbv_encoder_select=zlib
zmbv_test=yes
zmbv_test_deps=zlib
mktemp -u XXXXXX
8VtECo
./configure: /tmp/ffconf.XXNQGlls.sh: /bin/sh: bad interpreter: Permission denied
Sanity test failed.
